#
# There is insufficient memory for the Java Runtime Environment to continue.
# Native memory allocation (malloc) failed to allocate 290240 bytes. Error detail: Chunk::new
# Possible reasons:
#   The system is out of physical RAM or swap space
#   This process is running with CompressedOops enabled, and the Java Heap may be blocking the growth of the native heap
# Possible solutions:
#   Reduce memory load on the system
#   Increase physical memory or swap space
#   Check if swap backing store is full
#   Decrease Java heap size (-Xmx/-Xms)
#   Decrease number of Java threads
#   Decrease Java thread stack sizes (-Xss)
#   Set larger code cache with -XX:ReservedCodeCacheSize=
#   JVM is running with Unscaled Compressed Oops mode in which the Java heap is
#     placed in the first 4GB address space. The Java Heap base address is the
#     maximum limit for the native heap growth. Please use -XX:HeapBaseMinAddress
#     to set the Java Heap base and to place the Java Heap above 4GB virtual address.
# This output file may be truncated or incomplete.
#
#  Out of Memory Error (arena.cpp:168), pid=20588, tid=20120
#
# JRE version: OpenJDK Runtime Environment Temurin-21.0.9+10 (21.0.9+10) (build 21.0.9+10-LTS)
# Java VM: OpenJDK 64-Bit Server VM Temurin-21.0.9+10 (21.0.9+10-LTS, mixed mode, sharing, tiered, compressed oops, compressed class ptrs, g1 gc, windows-amd64)
# No core dump will be written. Minidumps are not enabled by default on client versions of Windows
#

---------------  S U M M A R Y ------------

Command Line: -Dfile.encoding=UTF-8 -Dstdout.encoding=UTF-8 -Dstderr.encoding=UTF-8 -XX:+ShowCodeDetailsInExceptionMessages com.lpu.demo.DemoApplication

Host: AMD Ryzen 5 5500U with Radeon Graphics         , 12 cores, 7G,  Windows 11 , 64 bit Build 26100 (10.0.26100.7623)
Time: Tue Mar  3 12:14:46 2026 India Standard Time elapsed time: 20.658346 seconds (0d 0h 0m 20s)

---------------  T H R E A D  ---------------

Current thread (0x000001d8a05f5e50):  JavaThread "C2 CompilerThread0" daemon [_thread_in_native, id=20120, stack(0x000000627b400000,0x000000627b500000) (1024K)]


Current CompileTask:
C2:20658 5312       4       java.util.stream.ReferencePipeline::collect (124 bytes)

Stack: [0x000000627b400000,0x000000627b500000]
Native frames: (J=compiled Java code, j=interpreted, Vv=VM code, C=native code)
V  [jvm.dll+0x6d6e29]
V  [jvm.dll+0x8b4b76]
V  [jvm.dll+0x8b712e]
V  [jvm.dll+0x8b7813]
V  [jvm.dll+0x283d86]
V  [jvm.dll+0xc66ed]
V  [jvm.dll+0xc6c31]
V  [jvm.dll+0x3be53b]
V  [jvm.dll+0x38ab92]
V  [jvm.dll+0x389fda]
V  [jvm.dll+0x24bfa0]
V  [jvm.dll+0x24b580]
V  [jvm.dll+0x1cb13e]
V  [jvm.dll+0x25b29d]
V  [jvm.dll+0x25982a]
V  [jvm.dll+0x3f7ea6]
V  [jvm.dll+0x85e9ad]
V  [jvm.dll+0x6d565d]
C  [ucrtbase.dll+0x37b0]
C  [KERNEL32.DLL+0x2e8d7]
C  [ntdll.dll+0x8c53c]


---------------  P R O C E S S  ---------------

Threads class SMR info:
_java_thread_list=0x000001d8e763f370, length=21, elements={
0x000001d8861a2900, 0x000001d8a05e0c20, 0x000001d8a05e1e80, 0x000001d8a05e72a0,
0x000001d8a05e82b0, 0x000001d8a05e9240, 0x000001d8a05f1ca0, 0x000001d8a05f5e50,
0x000001d8a05f6af0, 0x000001d8a074d1c0, 0x000001d8a07785e0, 0x000001d8e6d25540,
0x000001d8e6ca9a40, 0x000001d8e8b056f0, 0x000001d8e8b049d0, 0x000001d8e8b05060,
0x000001d8e8b06410, 0x000001d8e8b05d80, 0x000001d8e8b06aa0, 0x000001d8e7f84810,
0x000001d8e9406980
}

Java Threads: ( => current thread )
  0x000001d8861a2900 JavaThread "main"                              [_thread_blocked, id=10676, stack(0x000000627a600000,0x000000627a700000) (1024K)]
  0x000001d8a05e0c20 JavaThread "Reference Handler"          daemon [_thread_blocked, id=21612, stack(0x000000627ae00000,0x000000627af00000) (1024K)]
  0x000001d8a05e1e80 JavaThread "Finalizer"                  daemon [_thread_blocked, id=6240, stack(0x000000627af00000,0x000000627b000000) (1024K)]
  0x000001d8a05e72a0 JavaThread "Signal Dispatcher"          daemon [_thread_blocked, id=14132, stack(0x000000627b000000,0x000000627b100000) (1024K)]
  0x000001d8a05e82b0 JavaThread "Attach Listener"            daemon [_thread_blocked, id=1756, stack(0x000000627b100000,0x000000627b200000) (1024K)]
  0x000001d8a05e9240 JavaThread "Service Thread"             daemon [_thread_blocked, id=4272, stack(0x000000627b200000,0x000000627b300000) (1024K)]
  0x000001d8a05f1ca0 JavaThread "Monitor Deflation Thread"   daemon [_thread_blocked, id=4112, stack(0x000000627b300000,0x000000627b400000) (1024K)]
=>0x000001d8a05f5e50 JavaThread "C2 CompilerThread0"         daemon [_thread_in_native, id=20120, stack(0x000000627b400000,0x000000627b500000) (1024K)]
  0x000001d8a05f6af0 JavaThread "C1 CompilerThread0"         daemon [_thread_blocked, id=21192, stack(0x000000627b500000,0x000000627b600000) (1024K)]
  0x000001d8a074d1c0 JavaThread "Notification Thread"        daemon [_thread_blocked, id=9788, stack(0x000000627b600000,0x000000627b700000) (1024K)]
  0x000001d8a07785e0 JavaThread "Common-Cleaner"             daemon [_thread_blocked, id=2732, stack(0x000000627b700000,0x000000627b800000) (1024K)]
  0x000001d8e6d25540 JavaThread "Thread-0"                          [_thread_blocked, id=1264, stack(0x000000627b900000,0x000000627ba00000) (1024K)]
  0x000001d8e6ca9a40 JavaThread "restartedMain"                     [_thread_in_vm, id=10448, stack(0x000000627bf00000,0x000000627c000000) (1024K)]
  0x000001d8e8b056f0 JavaThread "Catalina-utility-1"                [_thread_blocked, id=16396, stack(0x000000627c700000,0x000000627c800000) (1024K)]
  0x000001d8e8b049d0 JavaThread "Catalina-utility-2"                [_thread_blocked, id=8356, stack(0x000000627c800000,0x000000627c900000) (1024K)]
  0x000001d8e8b05060 JavaThread "container-0"                       [_thread_blocked, id=13128, stack(0x000000627c900000,0x000000627ca00000) (1024K)]
  0x000001d8e8b06410 JavaThread "Cleaner-0"                  daemon [_thread_blocked, id=21188, stack(0x000000627ca00000,0x000000627cb00000) (1024K)]
  0x000001d8e8b05d80 JavaThread "HikariPool-1:housekeeper"   daemon [_thread_blocked, id=21980, stack(0x000000627cb00000,0x000000627cc00000) (1024K)]
  0x000001d8e8b06aa0 JavaThread "HikariPool-1:connection-adder" daemon [_thread_blocked, id=18612, stack(0x000000627cc00000,0x000000627cd00000) (1024K)]
  0x000001d8e7f84810 JavaThread "C2 CompilerThread1"         daemon [_thread_in_native, id=21548, stack(0x000000627b800000,0x000000627b900000) (1024K)]
  0x000001d8e9406980 JavaThread "C2 CompilerThread2"         daemon [_thread_in_native, id=12808, stack(0x000000627cd00000,0x000000627ce00000) (1024K)]
Total: 21

Other Threads:
  0x000001d8a05c72c0 VMThread "VM Thread"                           [id=20692, stack(0x000000627ad00000,0x000000627ae00000) (1024K)]
  0x000001d8a05b49e0 WatcherThread "VM Periodic Task Thread"        [id=20752, stack(0x000000627ac00000,0x000000627ad00000) (1024K)]
  0x000001d8886215d0 WorkerThread "GC Thread#0"                     [id=5320, stack(0x000000627a700000,0x000000627a800000) (1024K)]
  0x000001d8e6b49930 WorkerThread "GC Thread#1"                     [id=15180, stack(0x000000627ba00000,0x000000627bb00000) (1024K)]
  0x000001d8e64d29e0 WorkerThread "GC Thread#2"                     [id=21460, stack(0x000000627bb00000,0x000000627bc00000) (1024K)]
  0x000001d8e64d39b0 WorkerThread "GC Thread#3"                     [id=18524, stack(0x000000627bc00000,0x000000627bd00000) (1024K)]
  0x000001d8e64d3d50 WorkerThread "GC Thread#4"                     [id=9720, stack(0x000000627bd00000,0x000000627be00000) (1024K)]
  0x000001d8e6810060 WorkerThread "GC Thread#5"                     [id=11828, stack(0x000000627be00000,0x000000627bf00000) (1024K)]
  0x000001d8e6fafda0 WorkerThread "GC Thread#6"                     [id=12916, stack(0x000000627c100000,0x000000627c200000) (1024K)]
  0x000001d8e71597e0 WorkerThread "GC Thread#7"                     [id=20908, stack(0x000000627c200000,0x000000627c300000) (1024K)]
  0x000001d8e6fab9c0 WorkerThread "GC Thread#8"                     [id=18004, stack(0x000000627c300000,0x000000627c400000) (1024K)]
  0x000001d8e70d64f0 WorkerThread "GC Thread#9"                     [id=22228, stack(0x000000627c400000,0x000000627c500000) (1024K)]
  0x000001d888630f40 ConcurrentGCThread "G1 Main Marker"            [id=13284, stack(0x000000627a800000,0x000000627a900000) (1024K)]
  0x000001d888632f70 WorkerThread "G1 Conc#0"                       [id=22052, stack(0x000000627a900000,0x000000627aa00000) (1024K)]
  0x000001d8a0978ed0 WorkerThread "G1 Conc#1"                       [id=21444, stack(0x000000627c000000,0x000000627c100000) (1024K)]
  0x000001d8a0979610 WorkerThread "G1 Conc#2"                       [id=15560, stack(0x000000627c500000,0x000000627c600000) (1024K)]
  0x000001d8a04801e0 ConcurrentGCThread "G1 Refine#0"               [id=13732, stack(0x000000627aa00000,0x000000627ab00000) (1024K)]
  0x000001d8a0482a10 ConcurrentGCThread "G1 Service"                [id=16888, stack(0x000000627ab00000,0x000000627ac00000) (1024K)]
Total: 18

Threads with active compile tasks:
C2 CompilerThread0  20701 5312       4       java.util.stream.ReferencePipeline::collect (124 bytes)
C2 CompilerThread1  20701 5331       4       org.springframework.core.annotation.TypeMappedAnnotations::scan (66 bytes)
C2 CompilerThread2  20701 5351       4       java.lang.Class::getMethodsRecursive (99 bytes)
Total: 3

VM state: not at safepoint (normal execution)

VM Mutex/Monitor currently owned by a thread: None

Heap address: 0x000000008ac00000, size: 1876 MB, Compressed Oops mode: 32-bit

CDS archive(s) mapped at: [0x000001d8a1000000-0x000001d8a1c80000-0x000001d8a1c80000), size 13107200, SharedBaseAddress: 0x000001d8a1000000, ArchiveRelocationMode: 1.
Compressed class space mapped at: 0x000001d8a2000000-0x000001d8e2000000, reserved size: 1073741824
Narrow klass base: 0x000001d8a1000000, Narrow klass shift: 0, Narrow klass range: 0x100000000

GC Precious Log:
 CardTable entry size: 512
 Card Set container configuration: InlinePtr #cards 5 size 8 Array Of Cards #cards 12 size 40 Howl #buckets 4 coarsen threshold 1843 Howl Bitmap #cards 512 size 80 coarsen threshold 460 Card regions per heap region 1 cards per card region 2048
 CPUs: 12 total, 12 available
 Memory: 7501M
 Large Page Support: Disabled
 NUMA Support: Disabled
 Compressed Oops: Enabled (32-bit)
 Heap Region Size: 1M
 Heap Min Capacity: 8M
 Heap Initial Capacity: 118M
 Heap Max Capacity: 1876M
 Pre-touch: Disabled
 Parallel Workers: 10
 Concurrent Workers: 3
 Concurrent Refinement Workers: 10
 Periodic GC: Disabled

Heap:
 garbage-first heap   total 60416K, used 51503K [0x000000008ac00000, 0x0000000100000000)
  region size 1024K, 28 young (28672K), 2 survivors (2048K)
 Metaspace       used 64545K, committed 65216K, reserved 1114112K
  class space    used 9008K, committed 9280K, reserved 1048576K

Heap Regions: E=young(eden), S=young(survivor), O=old, HS=humongous(starts), HC=humongous(continues), CS=collection set, F=free, TAMS=top-at-mark-start, PB=parsable bottom
|   0|0x000000008ac00000, 0x000000008ad00000, 0x000000008ad00000|100%|HS|  |TAMS 0x000000008ac00000| PB 0x000000008ac00000| Complete 
|   1|0x000000008ad00000, 0x000000008ae00000, 0x000000008ae00000|100%|HS|  |TAMS 0x000000008ad00000| PB 0x000000008ad00000| Complete 
|   2|0x000000008ae00000, 0x000000008af00000, 0x000000008af00000|100%| O|  |TAMS 0x000000008ae00000| PB 0x000000008ae00000| Untracked 
|   3|0x000000008af00000, 0x000000008b000000, 0x000000008b000000|100%| O|  |TAMS 0x000000008af00000| PB 0x000000008af00000| Untracked 
|   4|0x000000008b000000, 0x000000008b100000, 0x000000008b100000|100%| O|  |TAMS 0x000000008b000000| PB 0x000000008b000000| Untracked 
|   5|0x000000008b100000, 0x000000008b200000, 0x000000008b200000|100%| O|  |TAMS 0x000000008b100000| PB 0x000000008b100000| Untracked 
|   6|0x000000008b200000, 0x000000008b300000, 0x000000008b300000|100%| O|  |TAMS 0x000000008b200000| PB 0x000000008b200000| Untracked 
|   7|0x000000008b300000, 0x000000008b400000, 0x000000008b400000|100%| O|  |TAMS 0x000000008b300000| PB 0x000000008b300000| Untracked 
|   8|0x000000008b400000, 0x000000008b500000, 0x000000008b500000|100%| O|  |TAMS 0x000000008b400000| PB 0x000000008b400000| Untracked 
|   9|0x000000008b500000, 0x000000008b600000, 0x000000008b600000|100%| O|  |TAMS 0x000000008b500000| PB 0x000000008b500000| Untracked 
|  10|0x000000008b600000, 0x000000008b700000, 0x000000008b700000|100%| O|  |TAMS 0x000000008b600000| PB 0x000000008b600000| Untracked 
|  11|0x000000008b700000, 0x000000008b800000, 0x000000008b800000|100%| O|  |TAMS 0x000000008b700000| PB 0x000000008b700000| Untracked 
|  12|0x000000008b800000, 0x000000008b900000, 0x000000008b900000|100%| O|  |TAMS 0x000000008b800000| PB 0x000000008b800000| Untracked 
|  13|0x000000008b900000, 0x000000008ba00000, 0x000000008ba00000|100%| O|  |TAMS 0x000000008b900000| PB 0x000000008b900000| Untracked 
|  14|0x000000008ba00000, 0x000000008bb00000, 0x000000008bb00000|100%| O|  |TAMS 0x000000008ba00000| PB 0x000000008ba00000| Untracked 
|  15|0x000000008bb00000, 0x000000008bc00000, 0x000000008bc00000|100%| O|Cm|TAMS 0x000000008bb00000| PB 0x000000008bb00000| Complete 
|  16|0x000000008bc00000, 0x000000008bd00000, 0x000000008bd00000|100%| O|  |TAMS 0x000000008bc00000| PB 0x000000008bc00000| Untracked 
|  17|0x000000008bd00000, 0x000000008be00000, 0x000000008be00000|100%| O|  |TAMS 0x000000008bd00000| PB 0x000000008bd00000| Untracked 
|  18|0x000000008be00000, 0x000000008bf00000, 0x000000008bf00000|100%| O|  |TAMS 0x000000008be00000| PB 0x000000008be00000| Untracked 
|  19|0x000000008bf00000, 0x000000008c000000, 0x000000008c000000|100%| O|  |TAMS 0x000000008bf00000| PB 0x000000008bf00000| Untracked 
|  20|0x000000008c000000, 0x000000008c0d0d68, 0x000000008c100000| 81%| O|  |TAMS 0x000000008c000000| PB 0x000000008c000000| Untracked 
|  21|0x000000008c100000, 0x000000008c100000, 0x000000008c200000|  0%| F|  |TAMS 0x000000008c100000| PB 0x000000008c100000| Untracked 
|  22|0x000000008c200000, 0x000000008c200000, 0x000000008c300000|  0%| F|  |TAMS 0x000000008c200000| PB 0x000000008c200000| Untracked 
|  23|0x000000008c300000, 0x000000008c300000, 0x000000008c400000|  0%| F|  |TAMS 0x000000008c300000| PB 0x000000008c300000| Untracked 
|  24|0x000000008c400000, 0x000000008c400000, 0x000000008c500000|  0%| F|  |TAMS 0x000000008c400000| PB 0x000000008c400000| Untracked 
|  25|0x000000008c500000, 0x000000008c500000, 0x000000008c600000|  0%| F|  |TAMS 0x000000008c500000| PB 0x000000008c500000| Untracked 
|  26|0x000000008c600000, 0x000000008c600000, 0x000000008c700000|  0%| F|  |TAMS 0x000000008c600000| PB 0x000000008c600000| Untracked 
|  27|0x000000008c700000, 0x000000008c700000, 0x000000008c800000|  0%| F|  |TAMS 0x000000008c700000| PB 0x000000008c700000| Untracked 
|  28|0x000000008c800000, 0x000000008c900000, 0x000000008c900000|100%| E|  |TAMS 0x000000008c800000| PB 0x000000008c800000| Complete 
|  29|0x000000008c900000, 0x000000008ca00000, 0x000000008ca00000|100%| E|CS|TAMS 0x000000008c900000| PB 0x000000008c900000| Complete 
|  30|0x000000008ca00000, 0x000000008cb00000, 0x000000008cb00000|100%| E|CS|TAMS 0x000000008ca00000| PB 0x000000008ca00000| Complete 
|  31|0x000000008cb00000, 0x000000008cc00000, 0x000000008cc00000|100%| E|CS|TAMS 0x000000008cb00000| PB 0x000000008cb00000| Complete 
|  32|0x000000008cc00000, 0x000000008cd00000, 0x000000008cd00000|100%| E|CS|TAMS 0x000000008cc00000| PB 0x000000008cc00000| Complete 
|  33|0x000000008cd00000, 0x000000008ce00000, 0x000000008ce00000|100%| E|CS|TAMS 0x000000008cd00000| PB 0x000000008cd00000| Complete 
|  34|0x000000008ce00000, 0x000000008cf00000, 0x000000008cf00000|100%| E|CS|TAMS 0x000000008ce00000| PB 0x000000008ce00000| Complete 
|  35|0x000000008cf00000, 0x000000008d000000, 0x000000008d000000|100%| E|CS|TAMS 0x000000008cf00000| PB 0x000000008cf00000| Complete 
|  36|0x000000008d000000, 0x000000008d100000, 0x000000008d100000|100%| E|CS|TAMS 0x000000008d000000| PB 0x000000008d000000| Complete 
|  37|0x000000008d100000, 0x000000008d200000, 0x000000008d200000|100%| E|CS|TAMS 0x000000008d100000| PB 0x000000008d100000| Complete 
|  38|0x000000008d200000, 0x000000008d300000, 0x000000008d300000|100%| E|CS|TAMS 0x000000008d200000| PB 0x000000008d200000| Complete 
|  39|0x000000008d300000, 0x000000008d400000, 0x000000008d400000|100%| E|CS|TAMS 0x000000008d300000| PB 0x000000008d300000| Complete 
|  40|0x000000008d400000, 0x000000008d500000, 0x000000008d500000|100%| E|CS|TAMS 0x000000008d400000| PB 0x000000008d400000| Complete 
|  41|0x000000008d500000, 0x000000008d600000, 0x000000008d600000|100%| E|CS|TAMS 0x000000008d500000| PB 0x000000008d500000| Complete 
|  42|0x000000008d600000, 0x000000008d700000, 0x000000008d700000|100%| E|CS|TAMS 0x000000008d600000| PB 0x000000008d600000| Complete 
|  43|0x000000008d700000, 0x000000008d800000, 0x000000008d800000|100%| E|CS|TAMS 0x000000008d700000| PB 0x000000008d700000| Complete 
|  44|0x000000008d800000, 0x000000008d900000, 0x000000008d900000|100%| E|CS|TAMS 0x000000008d800000| PB 0x000000008d800000| Complete 
|  45|0x000000008d900000, 0x000000008da00000, 0x000000008da00000|100%| E|CS|TAMS 0x000000008d900000| PB 0x000000008d900000| Complete 
|  46|0x000000008da00000, 0x000000008db00000, 0x000000008db00000|100%| E|CS|TAMS 0x000000008da00000| PB 0x000000008da00000| Complete 
|  47|0x000000008db00000, 0x000000008dc00000, 0x000000008dc00000|100%| E|CS|TAMS 0x000000008db00000| PB 0x000000008db00000| Complete 
|  69|0x000000008f100000, 0x000000008f200000, 0x000000008f200000|100%| E|CS|TAMS 0x000000008f100000| PB 0x000000008f100000| Complete 
|  70|0x000000008f200000, 0x000000008f300000, 0x000000008f300000|100%| E|CS|TAMS 0x000000008f200000| PB 0x000000008f200000| Complete 
|  71|0x000000008f300000, 0x000000008f400000, 0x000000008f400000|100%| E|CS|TAMS 0x000000008f300000| PB 0x000000008f300000| Complete 
|  72|0x000000008f400000, 0x000000008f500000, 0x000000008f500000|100%| E|CS|TAMS 0x000000008f400000| PB 0x000000008f400000| Complete 
|  73|0x000000008f500000, 0x000000008f57af10, 0x000000008f600000| 48%| S|CS|TAMS 0x000000008f500000| PB 0x000000008f500000| Complete 
|  74|0x000000008f600000, 0x000000008f700000, 0x000000008f700000|100%| S|CS|TAMS 0x000000008f600000| PB 0x000000008f600000| Complete 
|  75|0x000000008f700000, 0x000000008f800000, 0x000000008f800000|100%| E|CS|TAMS 0x000000008f700000| PB 0x000000008f700000| Complete 
| 117|0x0000000092100000, 0x0000000092200000, 0x0000000092200000|100%| E|CS|TAMS 0x0000000092100000| PB 0x0000000092100000| Complete 
|1873|0x00000000ffd00000, 0x00000000ffe00000, 0x00000000ffe00000|100%| O|  |TAMS 0x00000000ffd00000| PB 0x00000000ffd00000| Untracked 
|1874|0x00000000ffe00000, 0x00000000fff00000, 0x00000000fff00000|100%| O|  |TAMS 0x00000000ffe00000| PB 0x00000000ffe00000| Untracked 
|1875|0x00000000fff00000, 0x0000000100000000, 0x0000000100000000|100%| O|  |TAMS 0x00000000fff00000| PB 0x00000000fff00000| Untracked 

Card table byte_map: [0x000001d89b860000,0x000001d89bc10000] _byte_map_base: 0x000001d89b40a000

Marking Bits: (CMBitMap*) 0x000001d888621be0
 Bits: [0x000001d89bc10000, 0x000001d89d960000)

Polling page: 0x000001d886610000

Metaspace:

Usage:
  Non-class:     54.25 MB used.
      Class:      8.80 MB used.
       Both:     63.05 MB used.

Virtual space:
  Non-class space:       64.00 MB reserved,      54.62 MB ( 85%) committed,  1 nodes.
      Class space:        1.00 GB reserved,       9.06 MB ( <1%) committed,  1 nodes.
             Both:        1.06 GB reserved,      63.69 MB (  6%) committed. 

Chunk freelists:
   Non-Class:  9.22 MB
       Class:  6.89 MB
        Both:  16.11 MB

MaxMetaspaceSize: unlimited
CompressedClassSpaceSize: 1.00 GB
Initial GC threshold: 21.00 MB
Current GC threshold: 98.06 MB
CDS: on
 - commit_granule_bytes: 65536.
 - commit_granule_words: 8192.
 - virtual_space_node_default_size: 8388608.
 - enlarge_chunks_in_place: 1.
 - use_allocation_guard: 0.


Internal statistics:

num_allocs_failed_limit: 9.
num_arena_births: 854.
num_arena_deaths: 0.
num_vsnodes_births: 2.
num_vsnodes_deaths: 0.
num_space_committed: 1019.
num_space_uncommitted: 0.
num_chunks_returned_to_freelist: 9.
num_chunks_taken_from_freelist: 3259.
num_chunk_merges: 9.
num_chunk_splits: 2326.
num_chunks_enlarged: 1805.
num_inconsistent_stats: 0.

CodeHeap 'non-profiled nmethods': size=120000Kb used=2946Kb max_used=3077Kb free=117053Kb
 bounds [0x000001d893a30000, 0x000001d893d40000, 0x000001d89af60000]
CodeHeap 'profiled nmethods': size=120000Kb used=9002Kb max_used=9584Kb free=110997Kb
 bounds [0x000001d88bf60000, 0x000001d88c8c0000, 0x000001d893490000]
CodeHeap 'non-nmethods': size=5760Kb used=1551Kb max_used=1581Kb free=4209Kb
 bounds [0x000001d893490000, 0x000001d893700000, 0x000001d893a30000]
CodeCache: size=245760Kb, used=13499Kb, max_used=14242Kb, free=232259Kb
 total_blobs=5371, nmethods=4675, adapters=599, full_count=0
Compilation: enabled, stopped_count=0, restarted_count=0

Compilation events (20 events):
Event: 20.645 Thread 0x000001d8a05f6af0 nmethod 5333 0x000001d88c431a90 code [0x000001d88c431c40, 0x000001d88c431e08]
Event: 20.645 Thread 0x000001d8a05f6af0 5335       3       org.springframework.core.convert.TypeDescriptor::getAnnotatedElement (29 bytes)
Event: 20.646 Thread 0x000001d8a05f6af0 nmethod 5335 0x000001d88c41cb10 code [0x000001d88c41ccc0, 0x000001d88c41d018]
Event: 20.646 Thread 0x000001d8a05f6af0 5336       3       org.springframework.core.convert.TypeDescriptor::getAnnotations (8 bytes)
Event: 20.647 Thread 0x000001d8a05f6af0 nmethod 5336 0x000001d88c16f590 code [0x000001d88c16f7a0, 0x000001d88c16fea8]
Event: 20.647 Thread 0x000001d8a05f6af0 5334       3       org.springframework.core.convert.support.GenericConversionService$ConverterCacheKey::hashCode (19 bytes)
Event: 20.647 Thread 0x000001d8a05f6af0 nmethod 5334 0x000001d88c4b0390 code [0x000001d88c4b0560, 0x000001d88c4b0b00]
Event: 20.651 Thread 0x000001d8a05f6af0 5339       3       sun.reflect.generics.parser.SignatureParser::init (16 bytes)
Event: 20.651 Thread 0x000001d8a05f6af0 nmethod 5339 0x000001d88c1cbd90 code [0x000001d88c1cbf20, 0x000001d88c1cc088]
Event: 20.651 Thread 0x000001d8a05f6af0 5337       3       sun.reflect.generics.factory.CoreReflectionFactory::make (10 bytes)
Event: 20.651 Thread 0x000001d8a05f6af0 nmethod 5337 0x000001d88c6f8610 code [0x000001d88c6f87c0, 0x000001d88c6f8a80]
Event: 20.652 Thread 0x000001d8a05f6af0 5338       3       sun.reflect.generics.factory.CoreReflectionFactory::<init> (15 bytes)
Event: 20.652 Thread 0x000001d8a05f6af0 nmethod 5338 0x000001d88c5e9510 code [0x000001d88c5e96c0, 0x000001d88c5e98e0]
Event: 20.653 Thread 0x000001d8a05f6af0 5340       1       java.util.Collections$SingletonSet::size (2 bytes)
Event: 20.653 Thread 0x000001d8a05f6af0 nmethod 5340 0x000001d893c04090 code [0x000001d893c04220, 0x000001d893c042e8]
Event: 20.654 Thread 0x000001d8a05f6af0 5341       3       sun.reflect.generics.parser.SignatureParser::parseIdentifier (13 bytes)
Event: 20.654 Thread 0x000001d8a05f6af0 nmethod 5341 0x000001d88c777190 code [0x000001d88c777360, 0x000001d88c7775c0]
Event: 20.654 Thread 0x000001d8a05f6af0 5342   !   3       org.springframework.util.ClassUtils::isVisible (26 bytes)
Event: 20.655 Thread 0x000001d8a05f6af0 nmethod 5342 0x000001d88c246e90 code [0x000001d88c2470a0, 0x000001d88c2476b0]
Event: 20.655 Thread 0x000001d8a05f6af0 5343       3       java.lang.reflect.Method::getGenericInfo (28 bytes)

GC Heap History (20 events):
Event: 1.027 GC heap before
{Heap before GC invocations=0 (full 0):
 garbage-first heap   total 120832K, used 24576K [0x000000008ac00000, 0x0000000100000000)
  region size 1024K, 23 young (23552K), 0 survivors (0K)
 Metaspace       used 5171K, committed 5376K, reserved 1114112K
  class space    used 600K, committed 704K, reserved 1048576K
}
Event: 1.033 GC heap after
{Heap after GC invocations=1 (full 0):
 garbage-first heap   total 120832K, used 7848K [0x000000008ac00000, 0x0000000100000000)
  region size 1024K, 3 young (3072K), 3 survivors (3072K)
 Metaspace       used 5171K, committed 5376K, reserved 1114112K
  class space    used 600K, committed 704K, reserved 1048576K
}
Event: 1.965 GC heap before
{Heap before GC invocations=1 (full 0):
 garbage-first heap   total 120832K, used 37544K [0x000000008ac00000, 0x0000000100000000)
  region size 1024K, 32 young (32768K), 3 survivors (3072K)
 Metaspace       used 13255K, committed 13568K, reserved 1114112K
  class space    used 1657K, committed 1792K, reserved 1048576K
}
Event: 1.973 GC heap after
{Heap after GC invocations=2 (full 0):
 garbage-first heap   total 120832K, used 11193K [0x000000008ac00000, 0x0000000100000000)
  region size 1024K, 4 young (4096K), 4 survivors (4096K)
 Metaspace       used 13255K, committed 13568K, reserved 1114112K
  class space    used 1657K, committed 1792K, reserved 1048576K
}
Event: 12.474 GC heap before
{Heap before GC invocations=2 (full 0):
 garbage-first heap   total 120832K, used 48057K [0x000000008ac00000, 0x0000000100000000)
  region size 1024K, 42 young (43008K), 4 survivors (4096K)
 Metaspace       used 21055K, committed 21504K, reserved 1114112K
  class space    used 2597K, committed 2816K, reserved 1048576K
}
Event: 12.485 GC heap after
{Heap after GC invocations=3 (full 0):
 garbage-first heap   total 120832K, used 14606K [0x000000008ac00000, 0x0000000100000000)
  region size 1024K, 7 young (7168K), 7 survivors (7168K)
 Metaspace       used 21055K, committed 21504K, reserved 1114112K
  class space    used 2597K, committed 2816K, reserved 1048576K
}
Event: 14.310 GC heap before
{Heap before GC invocations=4 (full 0):
 garbage-first heap   total 51200K, used 50446K [0x000000008ac00000, 0x0000000100000000)
  region size 1024K, 42 young (43008K), 7 survivors (7168K)
 Metaspace       used 27328K, committed 27776K, reserved 1114112K
  class space    used 3507K, committed 3712K, reserved 1048576K
}
Event: 14.320 GC heap after
{Heap after GC invocations=5 (full 0):
 garbage-first heap   total 60416K, used 16918K [0x000000008ac00000, 0x0000000100000000)
  region size 1024K, 6 young (6144K), 6 survivors (6144K)
 Metaspace       used 27328K, committed 27776K, reserved 1114112K
  class space    used 3507K, committed 3712K, reserved 1048576K
}
Event: 15.569 GC heap before
{Heap before GC invocations=5 (full 0):
 garbage-first heap   total 60416K, used 46614K [0x000000008ac00000, 0x0000000100000000)
  region size 1024K, 35 young (35840K), 6 survivors (6144K)
 Metaspace       used 32775K, committed 33344K, reserved 1114112K
  class space    used 4252K, committed 4544K, reserved 1048576K
}
Event: 15.580 GC heap after
{Heap after GC invocations=6 (full 0):
 garbage-first heap   total 60416K, used 19421K [0x000000008ac00000, 0x0000000100000000)
  region size 1024K, 5 young (5120K), 5 survivors (5120K)
 Metaspace       used 32775K, committed 33344K, reserved 1114112K
  class space    used 4252K, committed 4544K, reserved 1048576K
}
Event: 16.184 GC heap before
{Heap before GC invocations=6 (full 0):
 garbage-first heap   total 60416K, used 33757K [0x000000008ac00000, 0x0000000100000000)
  region size 1024K, 21 young (21504K), 5 survivors (5120K)
 Metaspace       used 35357K, committed 35968K, reserved 1114112K
  class space    used 4564K, committed 4800K, reserved 1048576K
}
Event: 16.190 GC heap after
{Heap after GC invocations=7 (full 0):
 garbage-first heap   total 60416K, used 20880K [0x000000008ac00000, 0x0000000100000000)
  region size 1024K, 2 young (2048K), 2 survivors (2048K)
 Metaspace       used 35357K, committed 35968K, reserved 1114112K
  class space    used 4564K, committed 4800K, reserved 1048576K
}
Event: 17.344 GC heap before
{Heap before GC invocations=8 (full 0):
 garbage-first heap   total 60416K, used 50576K [0x000000008ac00000, 0x0000000100000000)
  region size 1024K, 31 young (31744K), 2 survivors (2048K)
 Metaspace       used 42293K, committed 42816K, reserved 1114112K
  class space    used 5816K, committed 6080K, reserved 1048576K
}
Event: 17.349 GC heap after
{Heap after GC invocations=9 (full 0):
 garbage-first heap   total 60416K, used 22608K [0x000000008ac00000, 0x0000000100000000)
  region size 1024K, 4 young (4096K), 4 survivors (4096K)
 Metaspace       used 42293K, committed 42816K, reserved 1114112K
  class space    used 5816K, committed 6080K, reserved 1048576K
}
Event: 18.634 GC heap before
{Heap before GC invocations=9 (full 0):
 garbage-first heap   total 60416K, used 50256K [0x000000008ac00000, 0x0000000100000000)
  region size 1024K, 32 young (32768K), 4 survivors (4096K)
 Metaspace       used 50899K, committed 51520K, reserved 1114112K
  class space    used 6905K, committed 7168K, reserved 1048576K
}
Event: 18.642 GC heap after
{Heap after GC invocations=10 (full 0):
 garbage-first heap   total 60416K, used 24278K [0x000000008ac00000, 0x0000000100000000)
  region size 1024K, 4 young (4096K), 4 survivors (4096K)
 Metaspace       used 50899K, committed 51520K, reserved 1114112K
  class space    used 6905K, committed 7168K, reserved 1048576K
}
Event: 19.689 GC heap before
{Heap before GC invocations=10 (full 0):
 garbage-first heap   total 60416K, used 50902K [0x000000008ac00000, 0x0000000100000000)
  region size 1024K, 31 young (31744K), 4 survivors (4096K)
 Metaspace       used 59041K, committed 59648K, reserved 1114112K
  class space    used 8134K, committed 8384K, reserved 1048576K
}
Event: 19.698 GC heap after
{Heap after GC invocations=11 (full 0):
 garbage-first heap   total 60416K, used 25912K [0x000000008ac00000, 0x0000000100000000)
  region size 1024K, 4 young (4096K), 4 survivors (4096K)
 Metaspace       used 59041K, committed 59648K, reserved 1114112K
  class space    used 8134K, committed 8384K, reserved 1048576K
}
Event: 19.772 GC heap before
{Heap before GC invocations=11 (full 0):
 garbage-first heap   total 60416K, used 26936K [0x000000008ac00000, 0x0000000100000000)
  region size 1024K, 6 young (6144K), 4 survivors (4096K)
 Metaspace       used 59503K, committed 60096K, reserved 1114112K
  class space    used 8217K, committed 8448K, reserved 1048576K
}
Event: 19.776 GC heap after
{Heap after GC invocations=12 (full 0):
 garbage-first heap   total 60416K, used 25903K [0x000000008ac00000, 0x0000000100000000)
  region size 1024K, 2 young (2048K), 2 survivors (2048K)
 Metaspace       used 59503K, committed 60096K, reserved 1114112K
  class space    used 8217K, committed 8448K, reserved 1048576K
}

Dll operation events (10 events):
Event: 0.010 Loaded shared library C:\Users\jomai\Downloads\eclipse-jee-2025-12-R-win32-x86_64\eclipse\plugins\org.eclipse.justj.openjdk.hotspot.jre.full.win32.x86_64_21.0.9.v20251105-0741\jre\bin\java.dll
Event: 0.046 Loaded shared library C:\Users\jomai\Downloads\eclipse-jee-2025-12-R-win32-x86_64\eclipse\plugins\org.eclipse.justj.openjdk.hotspot.jre.full.win32.x86_64_21.0.9.v20251105-0741\jre\bin\zip.dll
Event: 0.155 Loaded shared library C:\Users\jomai\Downloads\eclipse-jee-2025-12-R-win32-x86_64\eclipse\plugins\org.eclipse.justj.openjdk.hotspot.jre.full.win32.x86_64_21.0.9.v20251105-0741\jre\bin\net.dll
Event: 0.158 Loaded shared library C:\Users\jomai\Downloads\eclipse-jee-2025-12-R-win32-x86_64\eclipse\plugins\org.eclipse.justj.openjdk.hotspot.jre.full.win32.x86_64_21.0.9.v20251105-0741\jre\bin\nio.dll
Event: 0.162 Loaded shared library C:\Users\jomai\Downloads\eclipse-jee-2025-12-R-win32-x86_64\eclipse\plugins\org.eclipse.justj.openjdk.hotspot.jre.full.win32.x86_64_21.0.9.v20251105-0741\jre\bin\zip.dll
Event: 0.282 Loaded shared library C:\Users\jomai\Downloads\eclipse-jee-2025-12-R-win32-x86_64\eclipse\plugins\org.eclipse.justj.openjdk.hotspot.jre.full.win32.x86_64_21.0.9.v20251105-0741\jre\bin\jimage.dll
Event: 0.908 Loaded shared library C:\Users\jomai\Downloads\eclipse-jee-2025-12-R-win32-x86_64\eclipse\plugins\org.eclipse.justj.openjdk.hotspot.jre.full.win32.x86_64_21.0.9.v20251105-0741\jre\bin\management.dll
Event: 0.916 Loaded shared library C:\Users\jomai\Downloads\eclipse-jee-2025-12-R-win32-x86_64\eclipse\plugins\org.eclipse.justj.openjdk.hotspot.jre.full.win32.x86_64_21.0.9.v20251105-0741\jre\bin\management_ext.dll
Event: 11.673 Loaded shared library C:\Users\jomai\Downloads\eclipse-jee-2025-12-R-win32-x86_64\eclipse\plugins\org.eclipse.justj.openjdk.hotspot.jre.full.win32.x86_64_21.0.9.v20251105-0741\jre\bin\sunmscapi.dll
Event: 17.679 Loaded shared library C:\Users\jomai\Downloads\eclipse-jee-2025-12-R-win32-x86_64\eclipse\plugins\org.eclipse.justj.openjdk.hotspot.jre.full.win32.x86_64_21.0.9.v20251105-0741\jre\bin\extnet.dll

Deoptimization events (20 events):
Event: 19.830 Thread 0x000001d8e6ca9a40 Uncommon trap: trap_request=0xffffff45 fr.pc=0x000001d893bedcf4 relative=0x0000000000000b14
Event: 19.830 Thread 0x000001d8e6ca9a40 Uncommon trap: reason=unstable_if action=reinterpret pc=0x000001d893bedcf4 method=jdk.internal.org.objectweb.asm.Frame.getAbstractTypeFromDescriptor(Ljdk/internal/org/objectweb/asm/SymbolTable;Ljava/lang/String;I)I @ 189 c2
Event: 19.830 Thread 0x000001d8e6ca9a40 DEOPT PACKING pc=0x000001d893bedcf4 sp=0x000000627bffbe40
Event: 19.830 Thread 0x000001d8e6ca9a40 DEOPT UNPACKING pc=0x000001d8934e4422 sp=0x000000627bffbe10 mode 2
Event: 20.608 Thread 0x000001d8e6ca9a40 Uncommon trap: trap_request=0xffffff45 fr.pc=0x000001d893ca0a74 relative=0x0000000000003014
Event: 20.608 Thread 0x000001d8e6ca9a40 Uncommon trap: reason=unstable_if action=reinterpret pc=0x000001d893ca0a74 method=org.springframework.beans.factory.support.AbstractBeanFactory.isTypeMatch(Ljava/lang/String;Lorg/springframework/core/ResolvableType;Z)Z @ 69 c2
Event: 20.608 Thread 0x000001d8e6ca9a40 DEOPT PACKING pc=0x000001d893ca0a74 sp=0x000000627bffde10
Event: 20.608 Thread 0x000001d8e6ca9a40 DEOPT UNPACKING pc=0x000001d8934e4422 sp=0x000000627bffddd8 mode 2
Event: 20.627 Thread 0x000001d8e6ca9a40 Uncommon trap: trap_request=0xfffffff4 fr.pc=0x000001d893a65774 relative=0x0000000000000334
Event: 20.627 Thread 0x000001d8e6ca9a40 Uncommon trap: reason=null_check action=make_not_entrant pc=0x000001d893a65774 method=sun.invoke.util.VerifyType.isNullConversion(Ljava/lang/Class;Ljava/lang/Class;Z)Z @ 67 c2
Event: 20.628 Thread 0x000001d8e6ca9a40 DEOPT PACKING pc=0x000001d893a65774 sp=0x000000627bffc5f0
Event: 20.628 Thread 0x000001d8e6ca9a40 DEOPT UNPACKING pc=0x000001d8934e4422 sp=0x000000627bffc570 mode 2
Event: 20.634 Thread 0x000001d8e6ca9a40 Uncommon trap: trap_request=0xffffff45 fr.pc=0x000001d893c96f78 relative=0x0000000000002cd8
Event: 20.634 Thread 0x000001d8e6ca9a40 Uncommon trap: reason=unstable_if action=reinterpret pc=0x000001d893c96f78 method=org.springframework.core.annotation.AnnotationsScanner.getBaseTypeMethods(Ljava/lang/Object;Ljava/lang/Class;)[Ljava/lang/reflect/Method; @ 71 c2
Event: 20.634 Thread 0x000001d8e6ca9a40 DEOPT PACKING pc=0x000001d893c96f78 sp=0x000000627bffc480
Event: 20.634 Thread 0x000001d8e6ca9a40 DEOPT UNPACKING pc=0x000001d8934e4422 sp=0x000000627bffc1b0 mode 2
Event: 20.645 Thread 0x000001d8e6ca9a40 Uncommon trap: trap_request=0xffffff45 fr.pc=0x000001d893c66404 relative=0x00000000000001e4
Event: 20.645 Thread 0x000001d8e6ca9a40 Uncommon trap: reason=unstable_if action=reinterpret pc=0x000001d893c66404 method=java.util.ArrayDeque.addLast(Ljava/lang/Object;)V @ 42 c2
Event: 20.645 Thread 0x000001d8e6ca9a40 DEOPT PACKING pc=0x000001d893c66404 sp=0x000000627bffd000
Event: 20.645 Thread 0x000001d8e6ca9a40 DEOPT UNPACKING pc=0x000001d8934e4422 sp=0x000000627bffcfb0 mode 2

Classes loaded (20 events):
Event: 18.831 Loading class java/util/concurrent/CompletableFuture$AsynchronousCompletionTask done
Event: 18.831 Loading class java/util/concurrent/CompletableFuture$Completion done
Event: 19.328 Loading class java/util/concurrent/CancellationException
Event: 19.328 Loading class java/util/concurrent/CancellationException done
Event: 19.549 Loading class java/util/ArrayList$ListItr
Event: 19.557 Loading class java/util/ArrayList$ListItr done
Event: 19.733 Loading class java/util/AbstractList$SubList
Event: 19.734 Loading class java/util/AbstractList$SubList done
Event: 19.757 Loading class java/lang/reflect/AnnotatedArrayType
Event: 19.757 Loading class java/lang/reflect/AnnotatedArrayType done
Event: 19.827 Loading class java/lang/foreign/ValueLayout
Event: 19.827 Loading class java/lang/foreign/MemoryLayout
Event: 19.828 Loading class java/lang/foreign/MemoryLayout done
Event: 19.828 Loading class java/lang/foreign/ValueLayout done
Event: 20.562 Loading class javax/naming/Reference
Event: 20.562 Loading class javax/naming/Reference done
Event: 20.633 Loading class java/lang/SafeVarargs
Event: 20.633 Loading class java/lang/SafeVarargs done
Event: 20.642 Loading class sun/reflect/generics/reflectiveObjects/GenericArrayTypeImpl
Event: 20.642 Loading class sun/reflect/generics/reflectiveObjects/GenericArrayTypeImpl done

Classes unloaded (0 events):
No events

Classes redefined (0 events):
No events

Internal exceptions (20 events):
Event: 18.364 Thread 0x000001d8e6ca9a40 Exception <a 'java/lang/NoSuchMethodError'{0x000000008d077500}: 'java.lang.Object java.lang.invoke.DirectMethodHandle$Holder.newInvokeSpecial(java.lang.Object, java.lang.Object, java.lang.Object, java.lang.Object, java.lang.Object, int, java.lang.Object)'> (0x000000008d077500) 
thrown [s\src\hotspot\share\interpreter\linkResolver.cpp, line 773]
Event: 18.368 Thread 0x000001d8e8b06aa0 Implicit null exception at 0x000001d893ce7245 to 0x000001d893ce7cd4
Event: 18.686 Thread 0x000001d8e6ca9a40 Exception <a 'java/lang/NoSuchMethodError'{0x000000008f764438}: 'void java.lang.invoke.DirectMethodHandle$Holder.invokeSpecial(java.lang.Object, java.lang.Object, int, java.lang.Object)'> (0x000000008f764438) 
thrown [s\src\hotspot\share\interpreter\linkResolver.cpp, line 773]
Event: 18.687 Thread 0x000001d8e6ca9a40 Exception <a 'java/lang/NoSuchMethodError'{0x000000008f76a158}: 'java.lang.Object java.lang.invoke.DirectMethodHandle$Holder.newInvokeSpecial(java.lang.Object, java.lang.Object, int)'> (0x000000008f76a158) 
thrown [s\src\hotspot\share\interpreter\linkResolver.cpp, line 773]
Event: 18.902 Thread 0x000001d8e6ca9a40 Implicit null exception at 0x000001d893b6403a to 0x000001d893b64074
Event: 18.919 Thread 0x000001d8e6ca9a40 Exception <a 'java/lang/IncompatibleClassChangeError'{0x000000008da7ebc8}: Found class java.lang.Object, but interface was expected> (0x000000008da7ebc8) 
thrown [s\src\hotspot\share\interpreter\linkResolver.cpp, line 840]
Event: 18.945 Thread 0x000001d8e6ca9a40 Exception <a 'java/lang/NoSuchMethodError'{0x000000008d9a4dc8}: 'java.lang.Object java.lang.invoke.DirectMethodHandle$Holder.invokeStatic(java.lang.Object, java.lang.Object, int, java.lang.Object)'> (0x000000008d9a4dc8) 
thrown [s\src\hotspot\share\interpreter\linkResolver.cpp, line 773]
Event: 18.946 Thread 0x000001d8e6ca9a40 Exception <a 'java/lang/NoSuchMethodError'{0x000000008d9a85d0}: 'java.lang.Object java.lang.invoke.DirectMethodHandle$Holder.invokeStaticInit(java.lang.Object, java.lang.Object, int, java.lang.Object)'> (0x000000008d9a85d0) 
thrown [s\src\hotspot\share\interpreter\linkResolver.cpp, line 773]
Event: 19.962 Thread 0x000001d8e6ca9a40 Exception <a 'java/lang/NoSuchMethodError'{0x000000008f292c48}: 'void java.lang.invoke.DirectMethodHandle$Holder.invokeStaticInit(java.lang.Object, int, java.lang.Object, java.lang.Object, java.lang.Object, java.lang.Object)'> (0x000000008f292c48) 
thrown [s\src\hotspot\share\interpreter\linkResolver.cpp, line 773]
Event: 19.975 Thread 0x000001d8e6ca9a40 Exception <a 'java/lang/NoSuchMethodError'{0x000000008f2e6888}: 'int java.lang.invoke.Invokers$Holder.invokeExact_MT(java.lang.Object, java.lang.Object, java.lang.Object)'> (0x000000008f2e6888) 
thrown [s\src\hotspot\share\interpreter\linkResolver.cpp, line 773]
Event: 20.004 Thread 0x000001d8e6ca9a40 Exception <a 'java/lang/NoSuchMethodError'{0x000000008f17dbd8}: 'int java.lang.invoke.DirectMethodHandle$Holder.invokeStatic(java.lang.Object, java.lang.Object, java.lang.Object, java.lang.Object, java.lang.Object, java.lang.Object)'> (0x000000008f17dbd8) 
thrown [s\src\hotspot\share\interpreter\linkResolver.cpp, line 773]
Event: 20.010 Thread 0x000001d8e6ca9a40 Exception <a 'java/lang/NoSuchMethodError'{0x000000008f191750}: 'int java.lang.invoke.DirectMethodHandle$Holder.invokeStatic(java.lang.Object, java.lang.Object, java.lang.Object, java.lang.Object, java.lang.Object)'> (0x000000008f191750) 
thrown [s\src\hotspot\share\interpreter\linkResolver.cpp, line 773]
Event: 20.033 Thread 0x000001d8e6ca9a40 Exception <a 'java/lang/NoSuchMethodError'{0x000000008db137e8}: 'void java.lang.invoke.DirectMethodHandle$Holder.invokeInterface(java.lang.Object, java.lang.Object, int, java.lang.Object)'> (0x000000008db137e8) 
thrown [s\src\hotspot\share\interpreter\linkResolver.cpp, line 773]
Event: 20.040 Thread 0x000001d8e6ca9a40 Exception <a 'java/lang/NoSuchMethodError'{0x000000008db429b8}: 'java.lang.Object java.lang.invoke.DirectMethodHandle$Holder.newInvokeSpecial(java.lang.Object, java.lang.Object, int, java.lang.Object)'> (0x000000008db429b8) 
thrown [s\src\hotspot\share\interpreter\linkResolver.cpp, line 773]
Event: 20.072 Thread 0x000001d8e6ca9a40 Exception <a 'java/lang/NoSuchMethodError'{0x000000008da05cb0}: 'void java.lang.invoke.DirectMethodHandle$Holder.invokeSpecial(java.lang.Object, java.lang.Object, java.lang.Object, java.lang.Object, java.lang.Object, java.lang.Object, java.lang.Object, java.lang.Object)'> (0x000000008da05cb0) 
thrown [s\src\hotspot\share\interpreter\linkResolver.cpp, line 773]
Event: 20.128 Thread 0x000001d8e6ca9a40 Exception <a 'java/lang/NoSuchMethodError'{0x000000008d98b600}: 'int java.lang.invoke.DirectMethodHandle$Holder.invokeStatic(java.lang.Object, int, java.lang.Object)'> (0x000000008d98b600) 
thrown [s\src\hotspot\share\interpreter\linkResolver.cpp, line 773]
Event: 20.137 Thread 0x000001d8e6ca9a40 Exception <a 'java/lang/NoSuchMethodError'{0x000000008d9d75a0}: 'java.lang.Object java.lang.invoke.Invokers$Holder.linkToTargetMethod(java.lang.Object, java.lang.Object, java.lang.Object, java.lang.Object, java.lang.Object, java.lang.Object, java.lang.Object, java.lang.Object, java.lang.Object, java.lang.Object, java.lang.Object, java.lang.Object)'> (0x000000008d9d75a0) 
thrown [s\src\hotspot\share\interpreter\linkResolver.cpp, line 773]
Event: 20.188 Thread 0x000001d8e6ca9a40 Exception <a 'java/lang/IncompatibleClassChangeError'{0x000000008d7226c8}: Found class java.lang.Object, but interface was expected> (0x000000008d7226c8) 
thrown [s\src\hotspot\share\interpreter\linkResolver.cpp, line 840]
Event: 20.214 Thread 0x000001d8e6ca9a40 Exception <a 'java/lang/NoSuchMethodError'{0x000000008d7bd710}: 'java.lang.Object java.lang.invoke.DirectMethodHandle$Holder.newInvokeSpecial(java.lang.Object, java.lang.Object, int, java.lang.Object, int, java.lang.Object, java.lang.Object)'> (0x000000008d7bd710) 
thrown [s\src\hotspot\share\interpreter\linkResolver.cpp, line 773]
Event: 20.627 Thread 0x000001d8e6ca9a40 Implicit null exception at 0x000001d893a654f7 to 0x000001d893a65760

ZGC Phase Switch (0 events):
No events

VM Operations (20 events):
Event: 17.761 Executing VM operation: HandshakeAllThreads (Deoptimize)
Event: 17.761 Executing VM operation: HandshakeAllThreads (Deoptimize) done
Event: 17.789 Executing VM operation: HandshakeAllThreads (Deoptimize)
Event: 17.789 Executing VM operation: HandshakeAllThreads (Deoptimize) done
Event: 18.634 Executing VM operation: G1CollectForAllocation (G1 Evacuation Pause)
Event: 18.642 Executing VM operation: G1CollectForAllocation (G1 Evacuation Pause) done
Event: 19.541 Executing VM operation: HandshakeAllThreads (Deoptimize)
Event: 19.542 Executing VM operation: HandshakeAllThreads (Deoptimize) done
Event: 19.559 Executing VM operation: HandshakeAllThreads (Deoptimize)
Event: 19.559 Executing VM operation: HandshakeAllThreads (Deoptimize) done
Event: 19.603 Executing VM operation: HandshakeAllThreads (Deoptimize)
Event: 19.603 Executing VM operation: HandshakeAllThreads (Deoptimize) done
Event: 19.689 Executing VM operation: G1CollectForAllocation (G1 Evacuation Pause)
Event: 19.698 Executing VM operation: G1CollectForAllocation (G1 Evacuation Pause) done
Event: 19.772 Executing VM operation: CollectForMetadataAllocation (Metadata GC Threshold)
Event: 19.776 Executing VM operation: CollectForMetadataAllocation (Metadata GC Threshold) done
Event: 19.795 Executing VM operation: G1PauseRemark
Event: 19.802 Executing VM operation: G1PauseRemark done
Event: 19.813 Executing VM operation: G1PauseCleanup
Event: 19.813 Executing VM operation: G1PauseCleanup done

Memory protections (0 events):
No events

Nmethod flushes (20 events):
Event: 19.800 Thread 0x000001d8a05c72c0 flushing  nmethod 0x000001d88c419e90
Event: 19.800 Thread 0x000001d8a05c72c0 flushing  nmethod 0x000001d88c41cb10
Event: 19.800 Thread 0x000001d8a05c72c0 flushing  nmethod 0x000001d88c420990
Event: 19.800 Thread 0x000001d8a05c72c0 flushing  nmethod 0x000001d88c421a90
Event: 19.800 Thread 0x000001d8a05c72c0 flushing  nmethod 0x000001d88c45fc10
Event: 19.800 Thread 0x000001d8a05c72c0 flushing  nmethod 0x000001d88c45ff10
Event: 19.800 Thread 0x000001d8a05c72c0 flushing  nmethod 0x000001d88c49a090
Event: 19.800 Thread 0x000001d8a05c72c0 flushing  nmethod 0x000001d88c49f590
Event: 19.800 Thread 0x000001d8a05c72c0 flushing  nmethod 0x000001d88c4d1010
Event: 19.800 Thread 0x000001d8a05c72c0 flushing  nmethod 0x000001d88c4d3a90
Event: 19.800 Thread 0x000001d8a05c72c0 flushing  nmethod 0x000001d88c4d6e90
Event: 19.800 Thread 0x000001d8a05c72c0 flushing  nmethod 0x000001d88c4d7a10
Event: 19.800 Thread 0x000001d8a05c72c0 flushing  nmethod 0x000001d88c55ac10
Event: 19.800 Thread 0x000001d8a05c72c0 flushing  nmethod 0x000001d88c55b090
Event: 19.800 Thread 0x000001d8a05c72c0 flushing  nmethod 0x000001d88c55b510
Event: 19.800 Thread 0x000001d8a05c72c0 flushing  nmethod 0x000001d88c560010
Event: 19.800 Thread 0x000001d8a05c72c0 flushing  nmethod 0x000001d88c560510
Event: 19.800 Thread 0x000001d8a05c72c0 flushing  nmethod 0x000001d88c561d90
Event: 19.800 Thread 0x000001d8a05c72c0 flushing  nmethod 0x000001d88c6fd890
Event: 19.800 Thread 0x000001d8a05c72c0 flushing  nmethod 0x000001d88c6fff90

Events (20 events):
Event: 12.999 Thread 0x000001d8a05f6af0 Thread added: 0x000001d8e6a4e940
Event: 13.525 Thread 0x000001d8e6a4e940 Thread exited: 0x000001d8e6a4e940
Event: 13.801 Thread 0x000001d8a05f6af0 Thread added: 0x000001d8e6a4e940
Event: 15.797 Thread 0x000001d8e6ca9a40 Thread added: 0x000001d8e8b056f0
Event: 15.799 Thread 0x000001d8e8b056f0 Thread added: 0x000001d8e8b049d0
Event: 15.810 Thread 0x000001d8e6ca9a40 Thread added: 0x000001d8e8b05060
Event: 16.455 Thread 0x000001d8e6a4e940 Thread exited: 0x000001d8e6a4e940
Event: 16.562 Thread 0x000001d8e6f298c0 Thread exited: 0x000001d8e6f298c0
Event: 17.226 Thread 0x000001d8a05f6af0 Thread added: 0x000001d8e6a4e940
Event: 17.953 Thread 0x000001d8e6ca9a40 Thread added: 0x000001d8e8b06410
Event: 17.977 Thread 0x000001d8e6ca9a40 Thread added: 0x000001d8e8b05d80
Event: 18.088 Thread 0x000001d8e8b05d80 Thread added: 0x000001d8e8b06aa0
Event: 18.168 Thread 0x000001d8e6a4e940 Thread exited: 0x000001d8e6a4e940
Event: 18.279 Thread 0x000001d8a05f6af0 Thread added: 0x000001d8e9fbedb0
Event: 18.282 Thread 0x000001d8a05f6af0 Thread added: 0x000001d8e94e77f0
Event: 18.544 Thread 0x000001d8e94e77f0 Thread exited: 0x000001d8e94e77f0
Event: 18.590 Thread 0x000001d8e9fbedb0 Thread exited: 0x000001d8e9fbedb0
Event: 19.880 Thread 0x000001d8a05f6af0 Thread added: 0x000001d8e7f84810
Event: 20.141 Thread 0x000001d8e7f84810 Thread exited: 0x000001d8e7f84810
Event: 20.631 Thread 0x000001d8a05f6af0 Thread added: 0x000001d8e7f84810


Dynamic libraries:
0x00007ff69de50000 - 0x00007ff69de5e000 	C:\Users\jomai\Downloads\eclipse-jee-2025-12-R-win32-x86_64\eclipse\plugins\org.eclipse.justj.openjdk.hotspot.jre.full.win32.x86_64_21.0.9.v20251105-0741\jre\bin\javaw.exe
0x00007ffb0d1a0000 - 0x00007ffb0d407000 	C:\WINDOWS\SYSTEM32\ntdll.dll
0x00007ffb0b780000 - 0x00007ffb0b849000 	C:\WINDOWS\System32\KERNEL32.DLL
0x00007ffb0a960000 - 0x00007ffb0ad4f000 	C:\WINDOWS\System32\KERNELBASE.dll
0x00007ffb0a810000 - 0x00007ffb0a95b000 	C:\WINDOWS\System32\ucrtbase.dll
0x00007ffaffa90000 - 0x00007ffaffaae000 	C:\Users\jomai\Downloads\eclipse-jee-2025-12-R-win32-x86_64\eclipse\plugins\org.eclipse.justj.openjdk.hotspot.jre.full.win32.x86_64_21.0.9.v20251105-0741\jre\bin\VCRUNTIME140.dll
0x00007ffaf93d0000 - 0x00007ffaf93e8000 	C:\Users\jomai\Downloads\eclipse-jee-2025-12-R-win32-x86_64\eclipse\plugins\org.eclipse.justj.openjdk.hotspot.jre.full.win32.x86_64_21.0.9.v20251105-0741\jre\bin\jli.dll
0x00007ffb0c350000 - 0x00007ffb0c515000 	C:\WINDOWS\System32\USER32.dll
0x00007ffaee700000 - 0x00007ffaee993000 	C:\WINDOWS\WinSxS\amd64_microsoft.windows.common-controls_6595b64144ccf1df_6.0.26100.7309_none_3e05feeae336a044\COMCTL32.dll
0x00007ffb0a670000 - 0x00007ffb0a697000 	C:\WINDOWS\System32\win32u.dll
0x00007ffb0ceb0000 - 0x00007ffb0cf59000 	C:\WINDOWS\System32\msvcrt.dll
0x00007ffb0c520000 - 0x00007ffb0c54b000 	C:\WINDOWS\System32\GDI32.dll
0x00007ffb0ad60000 - 0x00007ffb0ae8c000 	C:\WINDOWS\System32\gdi32full.dll
0x00007ffb0a2f0000 - 0x00007ffb0a393000 	C:\WINDOWS\System32\msvcp_win.dll
0x00007ffb0ce70000 - 0x00007ffb0cea1000 	C:\WINDOWS\System32\IMM32.DLL
0x00007ffaf93c0000 - 0x00007ffaf93cc000 	C:\Users\jomai\Downloads\eclipse-jee-2025-12-R-win32-x86_64\eclipse\plugins\org.eclipse.justj.openjdk.hotspot.jre.full.win32.x86_64_21.0.9.v20251105-0741\jre\bin\vcruntime140_1.dll
0x00007ffaf3130000 - 0x00007ffaf31bd000 	C:\Users\jomai\Downloads\eclipse-jee-2025-12-R-win32-x86_64\eclipse\plugins\org.eclipse.justj.openjdk.hotspot.jre.full.win32.x86_64_21.0.9.v20251105-0741\jre\bin\msvcp140.dll
0x00007ffa1a060000 - 0x00007ffa1ae00000 	C:\Users\jomai\Downloads\eclipse-jee-2025-12-R-win32-x86_64\eclipse\plugins\org.eclipse.justj.openjdk.hotspot.jre.full.win32.x86_64_21.0.9.v20251105-0741\jre\bin\server\jvm.dll
0x00007ffb0ca20000 - 0x00007ffb0cad4000 	C:\WINDOWS\System32\ADVAPI32.dll
0x00007ffb0bcc0000 - 0x00007ffb0bd66000 	C:\WINDOWS\System32\sechost.dll
0x00007ffb0c780000 - 0x00007ffb0c898000 	C:\WINDOWS\System32\RPCRT4.dll
0x00007ffb0b6f0000 - 0x00007ffb0b764000 	C:\WINDOWS\System32\WS2_32.dll
0x00007ffb09fa0000 - 0x00007ffb09ffe000 	C:\WINDOWS\SYSTEM32\POWRPROF.dll
0x00007ffb03290000 - 0x00007ffb0329b000 	C:\WINDOWS\SYSTEM32\VERSION.dll
0x00007ffb03250000 - 0x00007ffb03285000 	C:\WINDOWS\SYSTEM32\WINMM.dll
0x00007ffb09f80000 - 0x00007ffb09f94000 	C:\WINDOWS\SYSTEM32\UMPDC.dll
0x00007ffb090a0000 - 0x00007ffb090bb000 	C:\WINDOWS\SYSTEM32\kernel.appcore.dll
0x00007ffad68d0000 - 0x00007ffad68da000 	C:\Users\jomai\Downloads\eclipse-jee-2025-12-R-win32-x86_64\eclipse\plugins\org.eclipse.justj.openjdk.hotspot.jre.full.win32.x86_64_21.0.9.v20251105-0741\jre\bin\jimage.dll
0x00007ffafdce0000 - 0x00007ffafdf22000 	C:\WINDOWS\SYSTEM32\DBGHELP.DLL
0x00007ffb0b8d0000 - 0x00007ffb0bc56000 	C:\WINDOWS\System32\combase.dll
0x00007ffb0c5a0000 - 0x00007ffb0c676000 	C:\WINDOWS\System32\OLEAUT32.dll
0x00007ffaedd20000 - 0x00007ffaedd5c000 	C:\WINDOWS\SYSTEM32\dbgcore.DLL
0x00007ffb0ae90000 - 0x00007ffb0af35000 	C:\WINDOWS\System32\bcryptPrimitives.dll
0x00007ffa5b180000 - 0x00007ffa5b1a0000 	C:\Users\jomai\Downloads\eclipse-jee-2025-12-R-win32-x86_64\eclipse\plugins\org.eclipse.justj.openjdk.hotspot.jre.full.win32.x86_64_21.0.9.v20251105-0741\jre\bin\java.dll
0x00007ffb0af40000 - 0x00007ffb0b693000 	C:\WINDOWS\System32\SHELL32.dll
0x00007ffb0a6a0000 - 0x00007ffb0a80a000 	C:\WINDOWS\System32\wintypes.dll
0x00007ffb07ef0000 - 0x00007ffb0874e000 	C:\WINDOWS\SYSTEM32\windows.storage.dll
0x00007ffb0ccf0000 - 0x00007ffb0cde5000 	C:\WINDOWS\System32\SHCORE.dll
0x00007ffb0cae0000 - 0x00007ffb0cb46000 	C:\WINDOWS\System32\shlwapi.dll
0x00007ffb0a210000 - 0x00007ffb0a239000 	C:\WINDOWS\SYSTEM32\profapi.dll
0x00007ffa546a0000 - 0x00007ffa546b8000 	C:\Users\jomai\Downloads\eclipse-jee-2025-12-R-win32-x86_64\eclipse\plugins\org.eclipse.justj.openjdk.hotspot.jre.full.win32.x86_64_21.0.9.v20251105-0741\jre\bin\zip.dll
0x00007ffab0840000 - 0x00007ffab0850000 	C:\Users\jomai\Downloads\eclipse-jee-2025-12-R-win32-x86_64\eclipse\plugins\org.eclipse.justj.openjdk.hotspot.jre.full.win32.x86_64_21.0.9.v20251105-0741\jre\bin\net.dll
0x00007ffb00d90000 - 0x00007ffb00eb8000 	C:\WINDOWS\SYSTEM32\WINHTTP.dll
0x00007ffb09610000 - 0x00007ffb0967b000 	C:\WINDOWS\system32\mswsock.dll
0x00007ffa541a0000 - 0x00007ffa541b6000 	C:\Users\jomai\Downloads\eclipse-jee-2025-12-R-win32-x86_64\eclipse\plugins\org.eclipse.justj.openjdk.hotspot.jre.full.win32.x86_64_21.0.9.v20251105-0741\jre\bin\nio.dll
0x00007ffb05370000 - 0x00007ffb0537a000 	C:\Users\jomai\Downloads\eclipse-jee-2025-12-R-win32-x86_64\eclipse\plugins\org.eclipse.justj.openjdk.hotspot.jre.full.win32.x86_64_21.0.9.v20251105-0741\jre\bin\management.dll
0x00007ffb05360000 - 0x00007ffb0536c000 	C:\Users\jomai\Downloads\eclipse-jee-2025-12-R-win32-x86_64\eclipse\plugins\org.eclipse.justj.openjdk.hotspot.jre.full.win32.x86_64_21.0.9.v20251105-0741\jre\bin\management_ext.dll
0x00007ffb0ca10000 - 0x00007ffb0ca18000 	C:\WINDOWS\System32\PSAPI.DLL
0x00007ffb051b0000 - 0x00007ffb051be000 	C:\Users\jomai\Downloads\eclipse-jee-2025-12-R-win32-x86_64\eclipse\plugins\org.eclipse.justj.openjdk.hotspot.jre.full.win32.x86_64_21.0.9.v20251105-0741\jre\bin\sunmscapi.dll
0x00007ffb0a4f0000 - 0x00007ffb0a667000 	C:\WINDOWS\System32\CRYPT32.dll
0x00007ffb09af0000 - 0x00007ffb09b20000 	C:\WINDOWS\SYSTEM32\ncrypt.dll
0x00007ffb09aa0000 - 0x00007ffb09adf000 	C:\WINDOWS\SYSTEM32\NTASN1.dll
0x00007ffb098e0000 - 0x00007ffb098fb000 	C:\WINDOWS\SYSTEM32\CRYPTSP.dll
0x00007ffb09000000 - 0x00007ffb0903a000 	C:\WINDOWS\system32\rsaenh.dll
0x00007ffb096c0000 - 0x00007ffb096eb000 	C:\WINDOWS\SYSTEM32\USERENV.dll
0x00007ffb0a1e0000 - 0x00007ffb0a20a000 	C:\WINDOWS\SYSTEM32\bcrypt.dll
0x00007ffb098d0000 - 0x00007ffb098dc000 	C:\WINDOWS\SYSTEM32\CRYPTBASE.dll
0x00007ffb08ae0000 - 0x00007ffb08b14000 	C:\WINDOWS\SYSTEM32\IPHLPAPI.DLL
0x00007ffb0c550000 - 0x00007ffb0c55a000 	C:\WINDOWS\System32\NSI.dll
0x00007ffb08b80000 - 0x00007ffb08cac000 	C:\WINDOWS\SYSTEM32\DNSAPI.dll
0x00007ffb00c90000 - 0x00007ffb00c9b000 	C:\Windows\System32\rasadhlp.dll
0x00007ffb04b20000 - 0x00007ffb04ba6000 	C:\WINDOWS\System32\fwpuclnt.dll
0x00007ffae6cd0000 - 0x00007ffae6cd9000 	C:\Users\jomai\Downloads\eclipse-jee-2025-12-R-win32-x86_64\eclipse\plugins\org.eclipse.justj.openjdk.hotspot.jre.full.win32.x86_64_21.0.9.v20251105-0741\jre\bin\extnet.dll

JVMTI agents: none

dbghelp: loaded successfully - version: 4.0.5 - missing functions: none
symbol engine: initialized successfully - sym options: 0x614 - pdb path: .;C:\Users\jomai\Downloads\eclipse-jee-2025-12-R-win32-x86_64\eclipse\plugins\org.eclipse.justj.openjdk.hotspot.jre.full.win32.x86_64_21.0.9.v20251105-0741\jre\bin;C:\WINDOWS\SYSTEM32;C:\WINDOWS\WinSxS\amd64_microsoft.windows.common-controls_6595b64144ccf1df_6.0.26100.7309_none_3e05feeae336a044;C:\Users\jomai\Downloads\eclipse-jee-2025-12-R-win32-x86_64\eclipse\plugins\org.eclipse.justj.openjdk.hotspot.jre.full.win32.x86_64_21.0.9.v20251105-0741\jre\bin\server

VM Arguments:
jvm_args: -Dfile.encoding=UTF-8 -Dstdout.encoding=UTF-8 -Dstderr.encoding=UTF-8 -XX:+ShowCodeDetailsInExceptionMessages 
java_command: com.lpu.demo.DemoApplication
java_class_path (initial): C:\Users\jomai\git\Advanced-Java-SpringBoot-Daily-Tasks\demo\target\classes;C:\Users\jomai\.m2\repository\org\springframework\boot\spring-boot-starter-webmvc\4.0.3\spring-boot-starter-webmvc-4.0.3.jar;C:\Users\jomai\.m2\repository\org\springframework\boot\spring-boot-starter\4.0.3\spring-boot-starter-4.0.3.jar;C:\Users\jomai\.m2\repository\org\springframework\boot\spring-boot-starter-logging\4.0.3\spring-boot-starter-logging-4.0.3.jar;C:\Users\jomai\.m2\repository\ch\qos\logback\logback-classic\1.5.32\logback-classic-1.5.32.jar;C:\Users\jomai\.m2\repository\ch\qos\logback\logback-core\1.5.32\logback-core-1.5.32.jar;C:\Users\jomai\.m2\repository\org\apache\logging\log4j\log4j-to-slf4j\2.25.3\log4j-to-slf4j-2.25.3.jar;C:\Users\jomai\.m2\repository\org\apache\logging\log4j\log4j-api\2.25.3\log4j-api-2.25.3.jar;C:\Users\jomai\.m2\repository\org\slf4j\jul-to-slf4j\2.0.17\jul-to-slf4j-2.0.17.jar;C:\Users\jomai\.m2\repository\jakarta\annotation\jakarta.annotation-api\3.0.0\jakarta.annotation-api-3.0.0.jar;C:\Users\jomai\.m2\repository\org\yaml\snakeyaml\2.5\snakeyaml-2.5.jar;C:\Users\jomai\.m2\repository\org\springframework\boot\spring-boot-starter-jackson\4.0.3\spring-boot-starter-jackson-4.0.3.jar;C:\Users\jomai\.m2\repository\org\springframework\boot\spring-boot-jackson\4.0.3\spring-boot-jackson-4.0.3.jar;C:\Users\jomai\.m2\repository\tools\jackson\core\jackson-databind\3.0.4\jackson-databind-3.0.4.jar;C:\Users\jomai\.m2\repository\com\fasterxml\jackson\core\jackson-annotations\2.20\jackson-annotations-2.20.jar;C:\Users\jomai\.m2\repository\tools\jackson\core\jackson-core\3.0.4\jackson-core-3.0.4.jar;C:\Users\jomai\.m2\repository\org\springframework\boot\spring-boot-starter-tomcat\4.0.3\spring-boot-starter-tomcat-4.0.3.jar;C:\Users\jomai\.m2\repository\org\springframework\boot\spring-boot-starter-tomcat-runtime\4.0.3\spring-boot-starter-tomcat-runtime-4.0.3.jar;C:\Users\jomai\.m2\repository\org\apache\tomcat\embed\tomcat-embed-core\11.0.18\tomcat-embed-core-11.0.18.jar;C:\Users\jomai\.m2\repository\org\apache\tomcat\embed\tomcat-embed-el\11.0.18\tomcat-embed-el-11.0.18.jar;C:\Users\jomai\.m2\repository\org\apache\tomcat\embed\tomcat-embed-websocket\11.0.18\tomcat-embed-websocket-11.0.18.jar;C:\Users\jomai\.m2\repository\org\springframework\boot\spring-boot-tomcat\4.0.3\spring-boot-tomcat-4.0.3.jar;C:\Users\jomai\.m2\repository\org\springframework\boot\spring-boot-http-converter\4.0.3\spring-boot-http-converter-4.0.3.jar;C:\Users\jomai\.m2\repository\org\springframework\spring-web\7.0.5\spring-web-7.0.5.jar;C:\Users\jomai\.m2\repository\org\springframework\spring-beans\7.0.5\spring-beans-7.0.5.jar;C:\Users\jomai\.m2\repository\io\micrometer\micrometer-observation\1.16.3\micrometer-observation-1.16.3.jar;C:\Users\jomai\.m2\repository\io\micrometer\micrometer-commons\1.16.3\micrometer-commons-1.16.3.jar;C:\Users\jomai\.m2\repository\org\springframework\boot\spring-boot-webmvc\4.0.3\spring-boot-webmvc-4.0.3.jar;C:\Users\jomai\.m2\repository\org\springframework\boot\spring-boot-servlet\4.0.3\spring-boot-servlet-4.0.3.jar;C:\Users\jomai\.m2\repository\org\springframework\spring-webmvc\7.0.5\spring-webmvc-7.0.5.jar;C:\Users\jomai\.m2\repository\org\springframework\spring-aop\7.0.5\spring-aop-7.0.5.jar;C:\Users\jomai\.m2\repository\org\springframework\spring-expression\7.0.5\spring-expression-7.0.5.jar;C:\Users\jomai\.m2\repository\org\slf4j\slf4j-api\2.0.17\slf4j-api-2.0.17.jar;C:\Users\jomai\.m2\repository\jakarta\xml\bind\jakarta.xml.bind-api\4.0.4\jakarta.xml.bind-api-4.0.4.jar;C:\Users\jomai\.m2\repository\jakarta\activation\jakarta.activation-api\2.1.4\jakarta.activation-api-2.1.4.jar;C:\Users\jomai\.m2\repository\net\bytebuddy\byte-buddy\1.17.8\byte-buddy-1.17.8.jar;C:\Users\jomai\.m2\repository\org\springframework\spring-core\7.0.5\spring-core-7.0.5.jar;C:\Users\jomai\.m2\repository\commons-logging\commons-logging\1.3.5\commons-logging-1.3.5.jar;C:\Users\jomai\.m2\repository\org\jspecify\jspecify\1.0.0\jspecify-1.0.0.jar;C:\Users\jomai\.m2\repository\org\springframework\boot\spring-boot-web-server\4.0.3\spring-boot-web-server-4.0.3.jar;C:\Users\jomai\.m2\repository\org\springframework\boot\spring-boot-devtools\4.0.3\spring-boot-devtools-4.0.3.jar;C:\Users\jomai\.m2\repository\org\springframework\boot\spring-boot\4.0.3\spring-boot-4.0.3.jar;C:\Users\jomai\.m2\repository\org\springframework\spring-context\7.0.5\spring-context-7.0.5.jar;C:\Users\jomai\.m2\repository\org\springframework\boot\spring-boot-autoconfigure\4.0.3\spring-boot-autoconfigure-4.0.3.jar;C:\Users\jomai\.m2\repository\org\springframework\boot\spring-boot-starter-data-jpa\4.0.3\spring-boot-starter-data-jpa-4.0.3.jar;C:\Users\jomai\.m2\repository\org\springframework\boot\spring-boot-starter-jdbc\4.0.3\spring-boot-starter-jdbc-4.0.3.jar;C:\Users\jomai\.m2\repository\com\zaxxer\HikariCP\7.0.2\HikariCP-7.0.2.jar;C:\Users\jomai\.m2\repository\org\springframework\boot\spring-boot-data-jpa\4.0.3\spring-boot-data-jpa-4.0.3.jar;C:\Users\jomai\.m2\repository\org\springframework\boot\spring-boot-data-commons\4.0.3\spring-boot-data-commons-4.0.3.jar;C:\Users\jomai\.m2\repository\org\springframework\boot\spring-boot-persistence\4.0.3\spring-boot-persistence-4.0.3.jar;C:\Users\jomai\.m2\repository\org\springframework\data\spring-data-commons\4.0.3\spring-data-commons-4.0.3.jar;C:\Users\jomai\.m2\repository\org\springframework\boot\spring-boot-hibernate\4.0.3\spring-boot-hibernate-4.0.3.jar;C:\Users\jomai\.m2\repository\org\springframework\boot\spring-boot-jpa\4.0.3\spring-boot-jpa-4.0.3.jar;C:\Users\jomai\.m2\repository\jakarta\persistence\jakarta.persistence-api\3.2.0\jakarta.persistence-api-3.2.0.jar;C:\Users\jomai\.m2\repository\org\hibernate\orm\hibernate-core\7.2.4.Final\hibernate-core-7.2.4.Final.jar;C:\Users\jomai\.m2\repository\jakarta\transaction\jakarta.transaction-api\2.0.1\jakarta.transaction-api-2.0.1.jar;C:\Users\jomai\.m2\repository\org\jboss\logging\jboss-logging\3.6.2.Final\jboss-logging-3.6.2.Final.jar;C:\Users\jomai\.m2\repository\org\hibernate\models\hibernate-models\1.0.1\hibernate-models-1.0.1.jar;C:\Users\jomai\.m2\repository\com\fasterxml\classmate\1.7.3\classmate-1.7.3.jar;C:\Users\jomai\.m2\repository\org\glassfish\jaxb\jaxb-runtime\4.0.6\jaxb-runtime-4.0.6.jar;C:\Users\jomai\.m2\repository\org\glassfish\jaxb\jaxb-core\4.0.6\jaxb-core-4.0.6.jar;C:\Users\jomai\.m2\repository\org\eclipse\angus\angus-activation\2.0.3\angus-activation-2.0.3.jar;C:\Users\jomai\.m2\repository\org\glassfish\jaxb\txw2\4.0.6\txw2-4.0.6.jar;C:\Users\jomai\.m2\repository\com\sun\istack\istack-commons-runtime\4.1.2\istack-commons-runtime-4.1.2.jar;C:\Users\jomai\.m2\repository\jakarta\inject\jakarta.inject-api\2.0.1\jakarta.inject-api-2.0.1.jar;C:\Users\jomai\.m2\repository\org\springframework\spring-orm\7.0.5\spring-orm-7.0.5.jar;C:\Users\jomai\.m2\repository\org\springframework\data\spring-data-jpa\4.0.3\spring-data-jpa-4.0.3.jar;C:\Users\jomai\.m2\repository\org\springframework\spring-tx\7.0.5\spring-tx-7.0.5.jar;C:\Users\jomai\.m2\repository\org\antlr\antlr4-runtime\4.13.2\antlr4-runtime-4.13.2.jar;C:\Users\jomai\.m2\repository\org\springframework\spring-aspects\7.0.5\spring-aspects-7.0.5.jar;C:\Users\jomai\.m2\repository\org\aspectj\aspectjweaver\1.9.25.1\aspectjweaver-1.9.25.1.jar;C:\Users\jomai\.m2\repository\org\springframework\boot\spring-boot-jdbc\4.0.3\spring-boot-jdbc-4.0.3.jar;C:\Users\jomai\.m2\repository\org\springframework\boot\spring-boot-sql\4.0.3\spring-boot-sql-4.0.3.jar;C:\Users\jomai\.m2\repository\org\springframework\boot\spring-boot-transaction\4.0.3\spring-boot-transaction-4.0.3.jar;C:\Users\jomai\.m2\repository\org\springframework\spring-jdbc\7.0.5\spring-jdbc-7.0.5.jar;C:\Users\jomai\.m2\repository\org\postgresql\postgresql\42.7.10\postgresql-42.7.10.jar;C:\Users\jomai\.m2\repository\org\checkerframework\checker-qual\3.52.0\checker-qual-3.52.0.jar;C:\Users\jomai\.m2\repository\org\springframework\boot\spring-boot-starter-data-redis\4.0.3\spring-boot-starter-data-redis-4.0.3.jar;C:\Users\jomai\.m2\repository\org\springframework\boot\spring-boot-data-redis\4.0.3\spring-boot-data-redis-4.0.3.jar;C:\Users\jomai\.m2\repository\io\lettuce\lettuce-core\6.8.2.RELEASE\lettuce-core-6.8.2.RELEASE.jar;C:\Users\jomai\.m2\repository\redis\clients\authentication\redis-authx-core\0.1.1-beta2\redis-authx-core-0.1.1-beta2.jar;C:\Users\jomai\.m2\repository\io\netty\netty-common\4.2.10.Final\netty-common-4.2.10.Final.jar;C:\Users\jomai\.m2\repository\io\netty\netty-handler\4.2.10.Final\netty-handler-4.2.10.Final.jar;C:\Users\jomai\.m2\repository\io\netty\netty-resolver\4.2.10.Final\netty-resolver-4.2.10.Final.jar;C:\Users\jomai\.m2\repository\io\netty\netty-buffer\4.2.10.Final\netty-buffer-4.2.10.Final.jar;C:\Users\jomai\.m2\repository\io\netty\netty-transport-native-unix-common\4.2.10.Final\netty-transport-native-unix-common-4.2.10.Final.jar;C:\Users\jomai\.m2\repository\io\netty\netty-codec-base\4.2.10.Final\netty-codec-base-4.2.10.Final.jar;C:\Users\jomai\.m2\repository\io\netty\netty-transport\4.2.10.Final\netty-transport-4.2.10.Final.jar;C:\Users\jomai\.m2\repository\io\projectreactor\reactor-core\3.8.3\reactor-core-3.8.3.jar;C:\Users\jomai\.m2\repository\org\reactivestreams\reactive-streams\1.0.4\reactive-streams-1.0.4.jar;C:\Users\jomai\.m2\repository\io\netty\netty-resolver-dns\4.2.10.Final\netty-resolver-dns-4.2.10.Final.jar;C:\Users\jomai\.m2\repository\io\netty\netty-codec-dns\4.2.10.Final\netty-codec-dns-4.2.10.Final.jar;C:\Users\jomai\.m2\repository\org\springframework\data\spring-data-redis\4.0.3\spring-data-redis-4.0.3.jar;C:\Users\jomai\.m2\repository\org\springframework\data\spring-data-keyvalue\4.0.3\spring-data-keyvalue-4.0.3.jar;C:\Users\jomai\.m2\repository\org\springframework\spring-oxm\7.0.5\spring-oxm-7.0.5.jar;C:\Users\jomai\.m2\repository\org\springframework\spring-context-support\7.0.5\spring-context-support-7.0.5.jar;C:\Users\jomai\.m2\repository\org\springframework\boot\spring-boot-netty\4.0.3\spring-boot-netty-4.0.3.jar
Launcher Type: SUN_STANDARD

[Global flags]
     intx CICompilerCount                          = 4                                         {product} {ergonomic}
     uint ConcGCThreads                            = 3                                         {product} {ergonomic}
     uint G1ConcRefinementThreads                  = 10                                        {product} {ergonomic}
   size_t G1HeapRegionSize                         = 1048576                                   {product} {ergonomic}
    uintx GCDrainStackTargetSize                   = 64                                        {product} {ergonomic}
   size_t InitialHeapSize                          = 123731968                                 {product} {ergonomic}
   size_t MarkStackSize                            = 4194304                                   {product} {ergonomic}
   size_t MaxHeapSize                              = 1967128576                                {product} {ergonomic}
   size_t MaxNewSize                               = 1179648000                                {product} {ergonomic}
   size_t MinHeapDeltaBytes                        = 1048576                                   {product} {ergonomic}
   size_t MinHeapSize                              = 8388608                                   {product} {ergonomic}
    uintx NonNMethodCodeHeapSize                   = 5839372                                {pd product} {ergonomic}
    uintx NonProfiledCodeHeapSize                  = 122909434                              {pd product} {ergonomic}
    uintx ProfiledCodeHeapSize                     = 122909434                              {pd product} {ergonomic}
    uintx ReservedCodeCacheSize                    = 251658240                              {pd product} {ergonomic}
     bool SegmentedCodeCache                       = true                                      {product} {ergonomic}
     bool ShowCodeDetailsInExceptionMessages       = true                                   {manageable} {command line}
   size_t SoftMaxHeapSize                          = 1967128576                             {manageable} {ergonomic}
     bool UseCompressedOops                        = true                           {product lp64_product} {ergonomic}
     bool UseG1GC                                  = true                                      {product} {ergonomic}
     bool UseLargePagesIndividualAllocation        = false                                  {pd product} {ergonomic}

Logging:
Log output configuration:
 #0: stdout all=warning uptime,level,tags foldmultilines=false
 #1: stderr all=off uptime,level,tags foldmultilines=false

Release file:
JAVA_VERSION="21.0.9" 
MODULES="java.base java.compiler java.datatransfer java.xml java.prefs java.desktop java.instrument java.logging java.management java.security.sasl java.naming java.rmi java.management.rmi java.net.http java.scripting java.security.jgss java.transaction.xa java.sql java.sql.rowset java.xml.crypto java.se java.smartcardio jdk.accessibility jdk.internal.jvmstat jdk.attach jdk.charsets jdk.internal.opt jdk.zipfs jdk.compiler jdk.crypto.ec jdk.crypto.cryptoki jdk.crypto.mscapi jdk.dynalink jdk.internal.ed jdk.editpad jdk.hotspot.agent jdk.httpserver jdk.internal.le jdk.internal.vm.ci jdk.internal.vm.compiler jdk.internal.vm.compiler.management jdk.jartool jdk.javadoc jdk.jcmd jdk.management jdk.management.agent jdk.jconsole jdk.jdeps jdk.jdwp.agent jdk.jdi jdk.jfr jdk.jshell jdk.jsobject jdk.jstatd jdk.localedata jdk.management.jfr jdk.naming.dns jdk.naming.rmi jdk.net jdk.nio.mapmode jdk.random jdk.sctp jdk.security.auth jdk.security.jgss jdk.unsupported jdk.unsupported.desktop jdk.xml.dom" 

Environment Variables:
JAVA_HOME=C:\Program Files\Java\jdk-21
PATH=C:/Users/jomai/Downloads/eclipse-jee-2025-12-R-win32-x86_64/eclipse//plugins/org.eclipse.justj.openjdk.hotspot.jre.full.win32.x86_64_21.0.9.v20251105-0741/jre/bin/server;C:/Users/jomai/Downloads/eclipse-jee-2025-12-R-win32-x86_64/eclipse//plugins/org.eclipse.justj.openjdk.hotspot.jre.full.win32.x86_64_21.0.9.v20251105-0741/jre/bin;C:\oracle\product\10.2.0\db_1\bin;C:\Program Files\Common Files\Oracle\Java\javapath;C:\windows\system32;C:\windows;C:\windows\System32\Wbem;C:\windows\System32\WindowsPowerShell\v1.0\;C:\windows\System32\OpenSSH\;C:\Program Files\dotnet\;C:\Program Files\Java\jdk-21\bin;C:\Program Files\Git\cmd;C:\Program Files\HP\HP One Agent;C:\Users\jomai\AppData\Local\Programs\Python\Python312;C:\Users\jomai\AppData\Local\Programs\Python\Python312\Scripts;C:\Users\jomai\AppData\Roaming\Python\Python38\Scripts;C:\MinGW\bin;;C:\Program Files\DAX Studio;C:\Program Files\nodejs\;C:\WINDOWS\system32;C:\WINDOWS;C:\WINDOWS\System32\Wbem;C:\WINDOWS\System32\WindowsPowerShell\v1.0\;C:\WINDOWS\System32\OpenSSH\;C:\Program Files\Redis\;C:\Users\jomai\Downloads\winlibs-x86_64-posix-seh-gcc-15.2.0-mingw-w64msvcrt-13.0.0-r1\mingw64\bin;C:\Users\jomai\AppData\Local\Programs\Python\Python310\Scripts\;C:\Users\jomai\AppData\Local\Programs\Python\Python310\;C:\Users\jomai\AppData\Local\Programs\Python\Launcher\;C:\Users\jomai\AppData\Local\Programs\Python\Python314\Scripts\;C:\Users\jomai\AppData\Local\Programs\Python\Python314\;C:\Program Files\MySQL\MySQL Shell 8.0\bin\;C:\Program Files\Common Files\Oracle\Java\javapath;C:\windows\system32;C:\windows;C:\windows\System32\Wbem;C:\windows\System32\WindowsPowerShell\v1.0\;C:\windows\System32\OpenSSH\;C:\Program Files\dotnet\;C:\Program Files\Java\jdk-21\bin;C:\Program Files\Git\cmd;C:\Program Files\HP\HP One Agent;C:\Users\jomai\AppData\Local\Microsoft\WindowsApps;C:\Program Files\JetBrains\IntelliJ IDEA Community Edition 2023.3.2\bin;C:\Python34\Scripts;C:\Users\jomai\AppData\Local\Programs\Python\Python312;C:\Users\jomai\AppData\Local\Programs\Python\Python312\Scripts;C:\Users\jomai\AppData\Roaming\Python\Python38\Scripts;C:\Users\jomai\AppData\Roaming\npm;C:\Users\jomai\AppData\Local\Programs\Microsoft VS Code\bin;C:\Users\jomai\AppData\Local\Microsoft\WindowsApps;;C:\Users\jomai\Downloads\eclipse-jee-2025-12-R-win32-x86_64\eclipse;
USERNAME=jomai
OS=Windows_NT
PROCESSOR_IDENTIFIER=AMD64 Family 23 Model 104 Stepping 1, AuthenticAMD
TMP=C:\Users\jomai\AppData\Local\Temp
TEMP=C:\Users\jomai\AppData\Local\Temp




Periodic native trim disabled

---------------  S Y S T E M  ---------------

OS:
 Windows 11 , 64 bit Build 26100 (10.0.26100.7623)
OS uptime: 0 days 0:23 hours
Hyper-V role detected

CPU: total 12 (initial active 12) (12 cores per cpu, 2 threads per core) family 23 model 104 stepping 1 microcode 0x8608107, cx8, cmov, fxsr, ht, mmx, 3dnowpref, sse, sse2, sse3, ssse3, sse4a, sse4.1, sse4.2, popcnt, lzcnt, tsc, tscinvbit, avx, avx2, aes, clmul, bmi1, bmi2, adx, sha, fma, vzeroupper, clflush, clflushopt, hv, rdtscp, rdpid, f16c
Processor Information for processor 0
  Max Mhz: 2100, Current Mhz: 1813, Mhz Limit: 2100
Processor Information for processor 1
  Max Mhz: 2100, Current Mhz: 2100, Mhz Limit: 2100
Processor Information for processor 2
  Max Mhz: 2100, Current Mhz: 2100, Mhz Limit: 2100
Processor Information for processor 3
  Max Mhz: 2100, Current Mhz: 2100, Mhz Limit: 2100
Processor Information for processor 4
  Max Mhz: 2100, Current Mhz: 2100, Mhz Limit: 2100
Processor Information for processor 5
  Max Mhz: 2100, Current Mhz: 1813, Mhz Limit: 2100
Processor Information for processor 6
  Max Mhz: 2100, Current Mhz: 2100, Mhz Limit: 2100
Processor Information for processor 7
  Max Mhz: 2100, Current Mhz: 2100, Mhz Limit: 2100
Processor Information for processor 8
  Max Mhz: 2100, Current Mhz: 2100, Mhz Limit: 2100
Processor Information for processor 9
  Max Mhz: 2100, Current Mhz: 1813, Mhz Limit: 2100
Processor Information for processor 10
  Max Mhz: 2100, Current Mhz: 1813, Mhz Limit: 2100
Processor Information for processor 11
  Max Mhz: 2100, Current Mhz: 1813, Mhz Limit: 2100

Memory: 4k page, system-wide physical 7501M (870M free)
TotalPageFile size 14610M (AvailPageFile size 1M)
current process WorkingSet (physical memory assigned to process): 235M, peak: 257M
current process commit charge ("private bytes"): 270M, peak: 292M

vm_info: OpenJDK 64-Bit Server VM (21.0.9+10-LTS) for windows-amd64 JRE (21.0.9+10-LTS), built on 2025-10-21T00:00:00Z by "admin" with unknown MS VC++:1942

END.
