#
# There is insufficient memory for the Java Runtime Environment to continue.
# Native memory allocation (malloc) failed to allocate 582256 bytes. Error detail: Chunk::new
# Possible reasons:
#   The system is out of physical RAM or swap space
#   This process is running with CompressedOops enabled, and the Java Heap may be blocking the growth of the native heap
# Possible solutions:
#   Reduce memory load on the system
#   Increase physical memory or swap space
#   Check if swap backing store is full
#   Decrease Java heap size (-Xmx/-Xms)
#   Decrease number of Java threads
#   Decrease Java thread stack sizes (-Xss)
#   Set larger code cache with -XX:ReservedCodeCacheSize=
#   JVM is running with Unscaled Compressed Oops mode in which the Java heap is
#     placed in the first 4GB address space. The Java Heap base address is the
#     maximum limit for the native heap growth. Please use -XX:HeapBaseMinAddress
#     to set the Java Heap base and to place the Java Heap above 4GB virtual address.
# This output file may be truncated or incomplete.
#
#  Out of Memory Error (arena.cpp:168), pid=19536, tid=17700
#
# JRE version: OpenJDK Runtime Environment Temurin-21.0.9+10 (21.0.9+10) (build 21.0.9+10-LTS)
# Java VM: OpenJDK 64-Bit Server VM Temurin-21.0.9+10 (21.0.9+10-LTS, mixed mode, sharing, tiered, compressed oops, compressed class ptrs, g1 gc, windows-amd64)
# No core dump will be written. Minidumps are not enabled by default on client versions of Windows
#

---------------  S U M M A R Y ------------

Command Line: -Dfile.encoding=UTF-8 -Dstdout.encoding=UTF-8 -Dstderr.encoding=UTF-8 -XX:+ShowCodeDetailsInExceptionMessages com.lpu.demo.DemoApplication

Host: AMD Ryzen 5 5500U with Radeon Graphics         , 12 cores, 7G,  Windows 11 , 64 bit Build 26100 (10.0.26100.7623)
Time: Tue Mar  3 12:37:51 2026 India Standard Time elapsed time: 139.418182 seconds (0d 0h 2m 19s)

---------------  T H R E A D  ---------------

Current thread (0x00000222fb16bf10):  JavaThread "C2 CompilerThread0" daemon [_thread_in_native, id=17700, stack(0x0000008445700000,0x0000008445800000) (1024K)]


Current CompileTask:
C2:139418 6599       4       java.lang.PublicMethods::merge (81 bytes)

Stack: [0x0000008445700000,0x0000008445800000]
Native frames: (J=compiled Java code, j=interpreted, Vv=VM code, C=native code)
V  [jvm.dll+0x6d6e29]
V  [jvm.dll+0x8b4b76]
V  [jvm.dll+0x8b712e]
V  [jvm.dll+0x8b7813]
V  [jvm.dll+0x283d86]
V  [jvm.dll+0xc66ed]
V  [jvm.dll+0xc6c31]
V  [jvm.dll+0x3be501]
V  [jvm.dll+0x38ab92]
V  [jvm.dll+0x389fda]
V  [jvm.dll+0x24bfa0]
V  [jvm.dll+0x24b580]
V  [jvm.dll+0x1cb13e]
V  [jvm.dll+0x25b29d]
V  [jvm.dll+0x25982a]
V  [jvm.dll+0x3f7ea6]
V  [jvm.dll+0x85e9ad]
V  [jvm.dll+0x6d565d]
C  [ucrtbase.dll+0x37b0]
C  [KERNEL32.DLL+0x2e8d7]
C  [ntdll.dll+0x8c53c]


---------------  P R O C E S S  ---------------

Threads class SMR info:
_java_thread_list=0x00000222d9106bb0, length=33, elements={
0x00000222fb1485a0, 0x00000222fb14b000, 0x00000222fb14f140, 0x00000222fb14fdf0,
0x00000222fb155240, 0x00000222fb1587b0, 0x00000222fb16bf10, 0x00000222fb175140,
0x00000222d4131740, 0x00000222d412f670, 0x00000222d412e2c0, 0x00000222d412e950,
0x00000222d4130390, 0x00000222d412efe0, 0x00000222d89d6fb0, 0x00000222d89d9da0,
0x00000222d89da430, 0x00000222d89daac0, 0x00000222d89d9710, 0x00000222d89d7640,
0x00000222d89db150, 0x00000222d89d7cd0, 0x00000222d89db7e0, 0x00000222d89d8360,
0x00000222d89dbe70, 0x00000222d89d89f0, 0x00000222d89dc500, 0x00000222d89dcb90,
0x00000222d89ddf40, 0x00000222d89dd220, 0x00000222d89dd8b0, 0x00000222d5e1cc50,
0x00000222d5e1ee60
}

Java Threads: ( => current thread )
  0x00000222fb1485a0 JavaThread "Reference Handler"          daemon [_thread_blocked, id=21348, stack(0x0000008445100000,0x0000008445200000) (1024K)]
  0x00000222fb14b000 JavaThread "Finalizer"                  daemon [_thread_blocked, id=21392, stack(0x0000008445200000,0x0000008445300000) (1024K)]
  0x00000222fb14f140 JavaThread "Signal Dispatcher"          daemon [_thread_blocked, id=11460, stack(0x0000008445300000,0x0000008445400000) (1024K)]
  0x00000222fb14fdf0 JavaThread "Attach Listener"            daemon [_thread_blocked, id=20144, stack(0x0000008445400000,0x0000008445500000) (1024K)]
  0x00000222fb155240 JavaThread "Service Thread"             daemon [_thread_blocked, id=20140, stack(0x0000008445500000,0x0000008445600000) (1024K)]
  0x00000222fb1587b0 JavaThread "Monitor Deflation Thread"   daemon [_thread_blocked, id=5324, stack(0x0000008445600000,0x0000008445700000) (1024K)]
=>0x00000222fb16bf10 JavaThread "C2 CompilerThread0"         daemon [_thread_in_native, id=17700, stack(0x0000008445700000,0x0000008445800000) (1024K)]
  0x00000222fb175140 JavaThread "C1 CompilerThread0"         daemon [_thread_blocked, id=3908, stack(0x0000008445800000,0x0000008445900000) (1024K)]
  0x00000222d4131740 JavaThread "Notification Thread"        daemon [_thread_blocked, id=2560, stack(0x0000008445900000,0x0000008445a00000) (1024K)]
  0x00000222d412f670 JavaThread "Common-Cleaner"             daemon [_thread_blocked, id=9888, stack(0x0000008445a00000,0x0000008445b00000) (1024K)]
  0x00000222d412e2c0 JavaThread "Catalina-utility-1"                [_thread_blocked, id=19604, stack(0x0000008446a00000,0x0000008446b00000) (1024K)]
  0x00000222d412e950 JavaThread "Catalina-utility-2"                [_thread_blocked, id=6940, stack(0x0000008446b00000,0x0000008446c00000) (1024K)]
  0x00000222d4130390 JavaThread "container-0"                       [_thread_blocked, id=17492, stack(0x0000008446c00000,0x0000008446d00000) (1024K)]
  0x00000222d412efe0 JavaThread "Cleaner-0"                  daemon [_thread_blocked, id=20344, stack(0x0000008446e00000,0x0000008446f00000) (1024K)]
  0x00000222d89d6fb0 JavaThread "HikariPool-1:housekeeper"   daemon [_thread_blocked, id=16508, stack(0x0000008446f00000,0x0000008447000000) (1024K)]
  0x00000222d89d9da0 JavaThread "Jndi-Dns-address-change-listener" daemon [_thread_in_native, id=8172, stack(0x0000008446d00000,0x0000008446e00000) (1024K)]
  0x00000222d89da430 JavaThread "lettuce-timer-3-1"          daemon [_thread_blocked, id=14284, stack(0x0000008447100000,0x0000008447200000) (1024K)]
  0x00000222d89daac0 JavaThread "File Watcher"               daemon [_thread_blocked, id=4936, stack(0x0000008447200000,0x0000008447300000) (1024K)]
  0x00000222d89d9710 JavaThread "http-nio-8080-exec-1"       daemon [_thread_blocked, id=6832, stack(0x0000008447300000,0x0000008447400000) (1024K)]
  0x00000222d89d7640 JavaThread "http-nio-8080-exec-2"       daemon [_thread_in_vm, id=5356, stack(0x0000008447400000,0x0000008447500000) (1024K)]
  0x00000222d89db150 JavaThread "http-nio-8080-exec-3"       daemon [_thread_blocked, id=12944, stack(0x0000008447500000,0x0000008447600000) (1024K)]
  0x00000222d89d7cd0 JavaThread "http-nio-8080-exec-4"       daemon [_thread_blocked, id=11504, stack(0x0000008447600000,0x0000008447700000) (1024K)]
  0x00000222d89db7e0 JavaThread "http-nio-8080-exec-5"       daemon [_thread_blocked, id=14296, stack(0x0000008447700000,0x0000008447800000) (1024K)]
  0x00000222d89d8360 JavaThread "http-nio-8080-exec-6"       daemon [_thread_blocked, id=19236, stack(0x0000008447800000,0x0000008447900000) (1024K)]
  0x00000222d89dbe70 JavaThread "http-nio-8080-exec-7"       daemon [_thread_blocked, id=21640, stack(0x0000008447900000,0x0000008447a00000) (1024K)]
  0x00000222d89d89f0 JavaThread "http-nio-8080-exec-8"       daemon [_thread_blocked, id=19968, stack(0x0000008447a00000,0x0000008447b00000) (1024K)]
  0x00000222d89dc500 JavaThread "http-nio-8080-exec-9"       daemon [_thread_blocked, id=21920, stack(0x0000008447b00000,0x0000008447c00000) (1024K)]
  0x00000222d89dcb90 JavaThread "http-nio-8080-exec-10"      daemon [_thread_blocked, id=8020, stack(0x0000008447c00000,0x0000008447d00000) (1024K)]
  0x00000222d89ddf40 JavaThread "http-nio-8080-Poller"       daemon [_thread_in_native, id=15612, stack(0x0000008447d00000,0x0000008447e00000) (1024K)]
  0x00000222d89dd220 JavaThread "http-nio-8080-Acceptor"     daemon [_thread_in_native, id=14140, stack(0x0000008447e00000,0x0000008447f00000) (1024K)]
  0x00000222d89dd8b0 JavaThread "DestroyJavaVM"                     [_thread_blocked, id=16288, stack(0x0000008444900000,0x0000008444a00000) (1024K)]
  0x00000222d5e1cc50 JavaThread "C2 CompilerThread1"         daemon [_thread_blocked, id=8208, stack(0x0000008444600000,0x0000008444700000) (1024K)]
  0x00000222d5e1ee60 JavaThread "C2 CompilerThread2"         daemon [_thread_in_native, id=22144, stack(0x0000008444700000,0x0000008444800000) (1024K)]
Total: 33

Other Threads:
  0x00000222fb12d7b0 VMThread "VM Thread"                           [id=14024, stack(0x0000008445000000,0x0000008445100000) (1024K)]
  0x00000222fb11e4e0 WatcherThread "VM Periodic Task Thread"        [id=7716, stack(0x0000008444f00000,0x0000008445000000) (1024K)]
  0x00000222f21a0230 WorkerThread "GC Thread#0"                     [id=11448, stack(0x0000008444a00000,0x0000008444b00000) (1024K)]
  0x00000222d501c250 WorkerThread "GC Thread#1"                     [id=6108, stack(0x0000008445c00000,0x0000008445d00000) (1024K)]
  0x00000222d5053a80 WorkerThread "GC Thread#2"                     [id=11344, stack(0x0000008445d00000,0x0000008445e00000) (1024K)]
  0x00000222d5053e20 WorkerThread "GC Thread#3"                     [id=1696, stack(0x0000008445e00000,0x0000008445f00000) (1024K)]
  0x00000222d502a000 WorkerThread "GC Thread#4"                     [id=12100, stack(0x0000008445f00000,0x0000008446000000) (1024K)]
  0x00000222d4cf9770 WorkerThread "GC Thread#5"                     [id=12520, stack(0x0000008446000000,0x0000008446100000) (1024K)]
  0x00000222d56bb110 WorkerThread "GC Thread#6"                     [id=19044, stack(0x0000008446400000,0x0000008446500000) (1024K)]
  0x00000222d5717370 WorkerThread "GC Thread#7"                     [id=15920, stack(0x0000008446500000,0x0000008446600000) (1024K)]
  0x00000222d55dfe00 WorkerThread "GC Thread#8"                     [id=720, stack(0x0000008446600000,0x0000008446700000) (1024K)]
  0x00000222d55e11b0 WorkerThread "GC Thread#9"                     [id=8572, stack(0x0000008446700000,0x0000008446800000) (1024K)]
  0x00000222f21afdf0 ConcurrentGCThread "G1 Main Marker"            [id=11112, stack(0x0000008444b00000,0x0000008444c00000) (1024K)]
  0x00000222f21b3270 WorkerThread "G1 Conc#0"                       [id=20388, stack(0x0000008444c00000,0x0000008444d00000) (1024K)]
  0x00000222d6157400 WorkerThread "G1 Conc#1"                       [id=20756, stack(0x0000008446300000,0x0000008446400000) (1024K)]
  0x00000222d5e8c2d0 WorkerThread "G1 Conc#2"                       [id=21660, stack(0x0000008446800000,0x0000008446900000) (1024K)]
  0x00000222fafec5f0 ConcurrentGCThread "G1 Refine#0"               [id=18752, stack(0x0000008444d00000,0x0000008444e00000) (1024K)]
  0x00000222fafeee20 ConcurrentGCThread "G1 Service"                [id=2484, stack(0x0000008444e00000,0x0000008444f00000) (1024K)]
Total: 18

Threads with active compile tasks:
C2 CompilerThread0  139455 6599       4       java.lang.PublicMethods::merge (81 bytes)
Total: 1

VM state: not at safepoint (normal execution)

VM Mutex/Monitor currently owned by a thread: None

Heap address: 0x000000008ac00000, size: 1876 MB, Compressed Oops mode: 32-bit

CDS archive(s) mapped at: [0x000002228f000000-0x000002228fc80000-0x000002228fc80000), size 13107200, SharedBaseAddress: 0x000002228f000000, ArchiveRelocationMode: 1.
Compressed class space mapped at: 0x0000022290000000-0x00000222d0000000, reserved size: 1073741824
Narrow klass base: 0x000002228f000000, Narrow klass shift: 0, Narrow klass range: 0x100000000

GC Precious Log:
 CardTable entry size: 512
 Card Set container configuration: InlinePtr #cards 5 size 8 Array Of Cards #cards 12 size 40 Howl #buckets 4 coarsen threshold 1843 Howl Bitmap #cards 512 size 80 coarsen threshold 460 Card regions per heap region 1 cards per card region 2048
 CPUs: 12 total, 12 available
 Memory: 7501M
 Large Page Support: Disabled
 NUMA Support: Disabled
 Compressed Oops: Enabled (32-bit)
 Heap Region Size: 1M
 Heap Min Capacity: 8M
 Heap Initial Capacity: 118M
 Heap Max Capacity: 1876M
 Pre-touch: Disabled
 Parallel Workers: 10
 Concurrent Workers: 3
 Concurrent Refinement Workers: 10
 Periodic GC: Disabled

Heap:
 garbage-first heap   total 75776K, used 61773K [0x000000008ac00000, 0x0000000100000000)
  region size 1024K, 32 young (32768K), 5 survivors (5120K)
 Metaspace       used 89430K, committed 90176K, reserved 1179648K
  class space    used 12630K, committed 12928K, reserved 1048576K

Heap Regions: E=young(eden), S=young(survivor), O=old, HS=humongous(starts), HC=humongous(continues), CS=collection set, F=free, TAMS=top-at-mark-start, PB=parsable bottom
|   0|0x000000008ac00000, 0x000000008ad00000, 0x000000008ad00000|100%|HS|  |TAMS 0x000000008ac00000| PB 0x000000008ac00000| Complete 
|   1|0x000000008ad00000, 0x000000008ae00000, 0x000000008ae00000|100%|HS|  |TAMS 0x000000008ad00000| PB 0x000000008ad00000| Complete 
|   2|0x000000008ae00000, 0x000000008af00000, 0x000000008af00000|100%| O|  |TAMS 0x000000008ae00000| PB 0x000000008ae00000| Untracked 
|   3|0x000000008af00000, 0x000000008b000000, 0x000000008b000000|100%| O|  |TAMS 0x000000008af00000| PB 0x000000008af00000| Untracked 
|   4|0x000000008b000000, 0x000000008b100000, 0x000000008b100000|100%| O|  |TAMS 0x000000008b000000| PB 0x000000008b000000| Untracked 
|   5|0x000000008b100000, 0x000000008b200000, 0x000000008b200000|100%| O|  |TAMS 0x000000008b100000| PB 0x000000008b100000| Untracked 
|   6|0x000000008b200000, 0x000000008b300000, 0x000000008b300000|100%| O|  |TAMS 0x000000008b200000| PB 0x000000008b200000| Untracked 
|   7|0x000000008b300000, 0x000000008b400000, 0x000000008b400000|100%| O|  |TAMS 0x000000008b300000| PB 0x000000008b300000| Untracked 
|   8|0x000000008b400000, 0x000000008b500000, 0x000000008b500000|100%| O|  |TAMS 0x000000008b400000| PB 0x000000008b400000| Untracked 
|   9|0x000000008b500000, 0x000000008b600000, 0x000000008b600000|100%| O|  |TAMS 0x000000008b500000| PB 0x000000008b500000| Untracked 
|  10|0x000000008b600000, 0x000000008b700000, 0x000000008b700000|100%| O|  |TAMS 0x000000008b600000| PB 0x000000008b600000| Untracked 
|  11|0x000000008b700000, 0x000000008b800000, 0x000000008b800000|100%| O|  |TAMS 0x000000008b700000| PB 0x000000008b700000| Untracked 
|  12|0x000000008b800000, 0x000000008b900000, 0x000000008b900000|100%| O|  |TAMS 0x000000008b800000| PB 0x000000008b800000| Untracked 
|  13|0x000000008b900000, 0x000000008ba00000, 0x000000008ba00000|100%| O|  |TAMS 0x000000008b900000| PB 0x000000008b900000| Untracked 
|  14|0x000000008ba00000, 0x000000008bb00000, 0x000000008bb00000|100%| O|  |TAMS 0x000000008ba00000| PB 0x000000008ba00000| Untracked 
|  15|0x000000008bb00000, 0x000000008bc00000, 0x000000008bc00000|100%| O|  |TAMS 0x000000008bb00000| PB 0x000000008bb00000| Untracked 
|  16|0x000000008bc00000, 0x000000008bd00000, 0x000000008bd00000|100%| O|  |TAMS 0x000000008bc00000| PB 0x000000008bc00000| Untracked 
|  17|0x000000008bd00000, 0x000000008be00000, 0x000000008be00000|100%| O|  |TAMS 0x000000008bd00000| PB 0x000000008bd00000| Untracked 
|  18|0x000000008be00000, 0x000000008bf00000, 0x000000008bf00000|100%| O|  |TAMS 0x000000008be00000| PB 0x000000008be00000| Untracked 
|  19|0x000000008bf00000, 0x000000008c000000, 0x000000008c000000|100%| O|  |TAMS 0x000000008bf00000| PB 0x000000008bf00000| Untracked 
|  20|0x000000008c000000, 0x000000008c100000, 0x000000008c100000|100%| O|  |TAMS 0x000000008c000000| PB 0x000000008c000000| Untracked 
|  21|0x000000008c100000, 0x000000008c200000, 0x000000008c200000|100%| O|Cm|TAMS 0x000000008c100000| PB 0x000000008c100000| Complete 
|  22|0x000000008c200000, 0x000000008c300000, 0x000000008c300000|100%| O|  |TAMS 0x000000008c200000| PB 0x000000008c200000| Untracked 
|  23|0x000000008c300000, 0x000000008c400000, 0x000000008c400000|100%| O|  |TAMS 0x000000008c300000| PB 0x000000008c300000| Untracked 
|  24|0x000000008c400000, 0x000000008c500000, 0x000000008c500000|100%| O|  |TAMS 0x000000008c400000| PB 0x000000008c400000| Untracked 
|  25|0x000000008c500000, 0x000000008c600000, 0x000000008c600000|100%| O|  |TAMS 0x000000008c500000| PB 0x000000008c500000| Untracked 
|  26|0x000000008c600000, 0x000000008c6daca0, 0x000000008c700000| 85%| O|  |TAMS 0x000000008c600000| PB 0x000000008c600000| Untracked 
|  27|0x000000008c700000, 0x000000008c778870, 0x000000008c800000| 47%| S|CS|TAMS 0x000000008c700000| PB 0x000000008c700000| Complete 
|  28|0x000000008c800000, 0x000000008c800000, 0x000000008c900000|  0%| F|  |TAMS 0x000000008c800000| PB 0x000000008c800000| Untracked 
|  29|0x000000008c900000, 0x000000008c900000, 0x000000008ca00000|  0%| F|  |TAMS 0x000000008c900000| PB 0x000000008c900000| Untracked 
|  30|0x000000008ca00000, 0x000000008ca00000, 0x000000008cb00000|  0%| F|  |TAMS 0x000000008ca00000| PB 0x000000008ca00000| Untracked 
|  31|0x000000008cb00000, 0x000000008cc00000, 0x000000008cc00000|100%| S|CS|TAMS 0x000000008cb00000| PB 0x000000008cb00000| Complete 
|  32|0x000000008cc00000, 0x000000008cc00000, 0x000000008cd00000|  0%| F|  |TAMS 0x000000008cc00000| PB 0x000000008cc00000| Untracked 
|  33|0x000000008cd00000, 0x000000008cd00000, 0x000000008ce00000|  0%| F|  |TAMS 0x000000008cd00000| PB 0x000000008cd00000| Untracked 
|  34|0x000000008ce00000, 0x000000008cf00000, 0x000000008cf00000|100%| S|CS|TAMS 0x000000008ce00000| PB 0x000000008ce00000| Complete 
|  35|0x000000008cf00000, 0x000000008d000000, 0x000000008d000000|100%| S|CS|TAMS 0x000000008cf00000| PB 0x000000008cf00000| Complete 
|  36|0x000000008d000000, 0x000000008d100000, 0x000000008d100000|100%| S|CS|TAMS 0x000000008d000000| PB 0x000000008d000000| Complete 
|  37|0x000000008d100000, 0x000000008d100000, 0x000000008d200000|  0%| F|  |TAMS 0x000000008d100000| PB 0x000000008d100000| Untracked 
|  38|0x000000008d200000, 0x000000008d200000, 0x000000008d300000|  0%| F|  |TAMS 0x000000008d200000| PB 0x000000008d200000| Untracked 
|  39|0x000000008d300000, 0x000000008d300000, 0x000000008d400000|  0%| F|  |TAMS 0x000000008d300000| PB 0x000000008d300000| Untracked 
|  40|0x000000008d400000, 0x000000008d400000, 0x000000008d500000|  0%| F|  |TAMS 0x000000008d400000| PB 0x000000008d400000| Untracked 
|  41|0x000000008d500000, 0x000000008d500000, 0x000000008d600000|  0%| F|  |TAMS 0x000000008d500000| PB 0x000000008d500000| Untracked 
|  42|0x000000008d600000, 0x000000008d600000, 0x000000008d700000|  0%| F|  |TAMS 0x000000008d600000| PB 0x000000008d600000| Untracked 
|  43|0x000000008d700000, 0x000000008d7f0300, 0x000000008d800000| 93%| E|  |TAMS 0x000000008d700000| PB 0x000000008d700000| Complete 
|  44|0x000000008d800000, 0x000000008d900000, 0x000000008d900000|100%| E|CS|TAMS 0x000000008d800000| PB 0x000000008d800000| Complete 
|  45|0x000000008d900000, 0x000000008da00000, 0x000000008da00000|100%| E|CS|TAMS 0x000000008d900000| PB 0x000000008d900000| Complete 
|  46|0x000000008da00000, 0x000000008db00000, 0x000000008db00000|100%| E|CS|TAMS 0x000000008da00000| PB 0x000000008da00000| Complete 
|  47|0x000000008db00000, 0x000000008dc00000, 0x000000008dc00000|100%| E|CS|TAMS 0x000000008db00000| PB 0x000000008db00000| Complete 
|  48|0x000000008dc00000, 0x000000008dd00000, 0x000000008dd00000|100%| E|CS|TAMS 0x000000008dc00000| PB 0x000000008dc00000| Complete 
|  49|0x000000008dd00000, 0x000000008de00000, 0x000000008de00000|100%| E|CS|TAMS 0x000000008dd00000| PB 0x000000008dd00000| Complete 
|  50|0x000000008de00000, 0x000000008df00000, 0x000000008df00000|100%| E|CS|TAMS 0x000000008de00000| PB 0x000000008de00000| Complete 
|  51|0x000000008df00000, 0x000000008e000000, 0x000000008e000000|100%| E|CS|TAMS 0x000000008df00000| PB 0x000000008df00000| Complete 
|  52|0x000000008e000000, 0x000000008e100000, 0x000000008e100000|100%| E|CS|TAMS 0x000000008e000000| PB 0x000000008e000000| Complete 
|  53|0x000000008e100000, 0x000000008e200000, 0x000000008e200000|100%| E|CS|TAMS 0x000000008e100000| PB 0x000000008e100000| Complete 
|  54|0x000000008e200000, 0x000000008e300000, 0x000000008e300000|100%| E|CS|TAMS 0x000000008e200000| PB 0x000000008e200000| Complete 
|  55|0x000000008e300000, 0x000000008e400000, 0x000000008e400000|100%| E|CS|TAMS 0x000000008e300000| PB 0x000000008e300000| Complete 
|  56|0x000000008e400000, 0x000000008e500000, 0x000000008e500000|100%| E|CS|TAMS 0x000000008e400000| PB 0x000000008e400000| Complete 
|  57|0x000000008e500000, 0x000000008e600000, 0x000000008e600000|100%| E|CS|TAMS 0x000000008e500000| PB 0x000000008e500000| Complete 
|  58|0x000000008e600000, 0x000000008e700000, 0x000000008e700000|100%| E|CS|TAMS 0x000000008e600000| PB 0x000000008e600000| Complete 
|  59|0x000000008e700000, 0x000000008e800000, 0x000000008e800000|100%| E|CS|TAMS 0x000000008e700000| PB 0x000000008e700000| Complete 
|  60|0x000000008e800000, 0x000000008e900000, 0x000000008e900000|100%| E|CS|TAMS 0x000000008e800000| PB 0x000000008e800000| Complete 
|  61|0x000000008e900000, 0x000000008ea00000, 0x000000008ea00000|100%| E|CS|TAMS 0x000000008e900000| PB 0x000000008e900000| Complete 
|  70|0x000000008f200000, 0x000000008f300000, 0x000000008f300000|100%| E|CS|TAMS 0x000000008f200000| PB 0x000000008f200000| Complete 
|  71|0x000000008f300000, 0x000000008f400000, 0x000000008f400000|100%| E|CS|TAMS 0x000000008f300000| PB 0x000000008f300000| Complete 
|  72|0x000000008f400000, 0x000000008f500000, 0x000000008f500000|100%| E|CS|TAMS 0x000000008f400000| PB 0x000000008f400000| Complete 
|  73|0x000000008f500000, 0x000000008f600000, 0x000000008f600000|100%| E|CS|TAMS 0x000000008f500000| PB 0x000000008f500000| Complete 
|  74|0x000000008f600000, 0x000000008f700000, 0x000000008f700000|100%| E|CS|TAMS 0x000000008f600000| PB 0x000000008f600000| Complete 
|  75|0x000000008f700000, 0x000000008f800000, 0x000000008f800000|100%| E|CS|TAMS 0x000000008f700000| PB 0x000000008f700000| Complete 
|  76|0x000000008f800000, 0x000000008f900000, 0x000000008f900000|100%| E|CS|TAMS 0x000000008f800000| PB 0x000000008f800000| Complete 
| 117|0x0000000092100000, 0x0000000092200000, 0x0000000092200000|100%| E|CS|TAMS 0x0000000092100000| PB 0x0000000092100000| Complete 
|1872|0x00000000ffc00000, 0x00000000ffd00000, 0x00000000ffd00000|100%| O|  |TAMS 0x00000000ffc00000| PB 0x00000000ffc00000| Untracked 
|1873|0x00000000ffd00000, 0x00000000ffe00000, 0x00000000ffe00000|100%| O|  |TAMS 0x00000000ffd00000| PB 0x00000000ffd00000| Untracked 
|1874|0x00000000ffe00000, 0x00000000fff00000, 0x00000000fff00000|100%| O|  |TAMS 0x00000000ffe00000| PB 0x00000000ffe00000| Untracked 
|1875|0x00000000fff00000, 0x0000000100000000, 0x0000000100000000|100%| O|  |TAMS 0x00000000fff00000| PB 0x00000000fff00000| Untracked 

Card table byte_map: [0x00000222f63e0000,0x00000222f6790000] _byte_map_base: 0x00000222f5f8a000

Marking Bits: (CMBitMap*) 0x00000222f21a0930
 Bits: [0x00000222f6790000, 0x00000222f84e0000)

Polling page: 0x00000222eff60000

Metaspace:

Usage:
  Non-class:     75.06 MB used.
      Class:     12.33 MB used.
       Both:     87.40 MB used.

Virtual space:
  Non-class space:      128.00 MB reserved,      75.50 MB ( 59%) committed,  2 nodes.
      Class space:        1.00 GB reserved,      12.62 MB (  1%) committed,  1 nodes.
             Both:        1.12 GB reserved,      88.12 MB (  8%) committed. 

Chunk freelists:
   Non-Class:  3.92 MB
       Class:  3.31 MB
        Both:  7.23 MB

MaxMetaspaceSize: unlimited
CompressedClassSpaceSize: 1.00 GB
Initial GC threshold: 21.00 MB
Current GC threshold: 131.81 MB
CDS: on
 - commit_granule_bytes: 65536.
 - commit_granule_words: 8192.
 - virtual_space_node_default_size: 8388608.
 - enlarge_chunks_in_place: 1.
 - use_allocation_guard: 0.


Internal statistics:

num_allocs_failed_limit: 9.
num_arena_births: 1066.
num_arena_deaths: 0.
num_vsnodes_births: 3.
num_vsnodes_deaths: 0.
num_space_committed: 1410.
num_space_uncommitted: 0.
num_chunks_returned_to_freelist: 9.
num_chunks_taken_from_freelist: 4335.
num_chunk_merges: 9.
num_chunk_splits: 3186.
num_chunks_enlarged: 2550.
num_inconsistent_stats: 0.

CodeHeap 'non-profiled nmethods': size=120000Kb used=4413Kb max_used=4413Kb free=115586Kb
 bounds [0x0000022287ad0000, 0x0000022287f20000, 0x000002228f000000]
CodeHeap 'profiled nmethods': size=120000Kb used=11237Kb max_used=11237Kb free=108762Kb
 bounds [0x0000022280000000, 0x0000022280b00000, 0x0000022287530000]
CodeHeap 'non-nmethods': size=5760Kb used=1626Kb max_used=1646Kb free=4134Kb
 bounds [0x0000022287530000, 0x00000222877a0000, 0x0000022287ad0000]
CodeCache: size=245760Kb, used=17276Kb, max_used=17296Kb, free=228482Kb
 total_blobs=6530, nmethods=5763, adapters=671, full_count=0
Compilation: enabled, stopped_count=0, restarted_count=0

Compilation events (20 events):
Event: 139.355 Thread 0x00000222fb175140 6610       3       jdk.internal.org.objectweb.asm.Frame::merge (395 bytes)
Event: 139.357 Thread 0x00000222fb175140 nmethod 6610 0x0000022280af9690 code [0x0000022280af9940, 0x0000022280afa6d8]
Event: 139.357 Thread 0x00000222d5e1ee60 6609       4       jdk.internal.org.objectweb.asm.Frame::getAbstractTypeFromDescriptor (415 bytes)
Event: 139.358 Thread 0x00000222fb16bf10 nmethod 6598 0x0000022287f15590 code [0x0000022287f157a0, 0x0000022287f16050]
Event: 139.358 Thread 0x00000222fb16bf10 6607       4       java.util.ArrayList::toArray (57 bytes)
Event: 139.363 Thread 0x00000222fb16bf10 nmethod 6607 0x0000022287f16590 code [0x0000022287f16740, 0x0000022287f16c58]
Event: 139.363 Thread 0x00000222fb16bf10 6603       4       java.lang.Module::isNamed (13 bytes)
Event: 139.363 Thread 0x00000222fb16bf10 nmethod 6603 0x0000022287f16e10 code [0x0000022287f16fa0, 0x0000022287f17030]
Event: 139.364 Thread 0x00000222fb16bf10 6608       4       java.util.StringJoiner::checkAddLength (50 bytes)
Event: 139.365 Thread 0x00000222fb16bf10 nmethod 6608 0x0000022287f17110 code [0x0000022287f172a0, 0x0000022287f173e8]
Event: 139.365 Thread 0x00000222fb16bf10 6599       4       java.lang.PublicMethods::merge (81 bytes)
Event: 139.366 Thread 0x00000222d5e1cc50 nmethod 6600 0x0000022287f17510 code [0x0000022287f17740, 0x0000022287f18108]
Event: 139.366 Thread 0x00000222d5e1cc50 6611       4       java.lang.reflect.ProxyGenerator$ProxyMethod::emitIconstInsn (75 bytes)
Event: 139.389 Thread 0x00000222d5e1ee60 nmethod 6609 0x0000022287f18790 code [0x0000022287f18a40, 0x0000022287f19c80]
Event: 139.389 Thread 0x00000222d5e1ee60 6613       4       jdk.internal.org.objectweb.asm.MethodWriter::computeMethodInfoSize (571 bytes)
Event: 139.396 Thread 0x00000222d5e1cc50 nmethod 6611 0x0000022287f1a690 code [0x0000022287f1a8e0, 0x0000022287f1b440]
Event: 139.397 Thread 0x00000222d5e1cc50 6612       4       jdk.internal.org.objectweb.asm.SymbolTable::addConstant (330 bytes)
Event: 139.400 Thread 0x00000222d5e1ee60 nmethod 6613 0x0000022287f1bb10 code [0x0000022287f1bd40, 0x0000022287f1c438]
Event: 139.400 Thread 0x00000222d5e1ee60 6602       4       java.lang.reflect.Proxy$ProxyBuilder::addElementType (19 bytes)
Event: 139.401 Thread 0x00000222d5e1cc50 nmethod 6612 0x0000022287f1c990 code [0x0000022287f1cba0, 0x0000022287f1ceb0]

GC Heap History (20 events):
Event: 6.587 GC heap before
{Heap before GC invocations=6 (full 0):
 garbage-first heap   total 61440K, used 33792K [0x000000008ac00000, 0x0000000100000000)
  region size 1024K, 21 young (21504K), 5 survivors (5120K)
 Metaspace       used 35387K, committed 35968K, reserved 1114112K
  class space    used 4561K, committed 4864K, reserved 1048576K
}
Event: 6.592 GC heap after
{Heap after GC invocations=7 (full 0):
 garbage-first heap   total 61440K, used 21105K [0x000000008ac00000, 0x0000000100000000)
  region size 1024K, 2 young (2048K), 2 survivors (2048K)
 Metaspace       used 35387K, committed 35968K, reserved 1114112K
  class space    used 4561K, committed 4864K, reserved 1048576K
}
Event: 7.912 GC heap before
{Heap before GC invocations=8 (full 0):
 garbage-first heap   total 61440K, used 50801K [0x000000008ac00000, 0x0000000100000000)
  region size 1024K, 31 young (31744K), 2 survivors (2048K)
 Metaspace       used 42318K, committed 42944K, reserved 1114112K
  class space    used 5812K, committed 6080K, reserved 1048576K
}
Event: 7.916 GC heap after
{Heap after GC invocations=9 (full 0):
 garbage-first heap   total 61440K, used 23094K [0x000000008ac00000, 0x0000000100000000)
  region size 1024K, 4 young (4096K), 4 survivors (4096K)
 Metaspace       used 42318K, committed 42944K, reserved 1114112K
  class space    used 5812K, committed 6080K, reserved 1048576K
}
Event: 8.992 GC heap before
{Heap before GC invocations=9 (full 0):
 garbage-first heap   total 61440K, used 50742K [0x000000008ac00000, 0x0000000100000000)
  region size 1024K, 32 young (32768K), 4 survivors (4096K)
 Metaspace       used 50940K, committed 51520K, reserved 1114112K
  class space    used 6902K, committed 7168K, reserved 1048576K
}
Event: 8.997 GC heap after
{Heap after GC invocations=10 (full 0):
 garbage-first heap   total 61440K, used 24796K [0x000000008ac00000, 0x0000000100000000)
  region size 1024K, 4 young (4096K), 4 survivors (4096K)
 Metaspace       used 50940K, committed 51520K, reserved 1114112K
  class space    used 6902K, committed 7168K, reserved 1048576K
}
Event: 9.781 GC heap before
{Heap before GC invocations=10 (full 0):
 garbage-first heap   total 61440K, used 52444K [0x000000008ac00000, 0x0000000100000000)
  region size 1024K, 31 young (31744K), 4 survivors (4096K)
 Metaspace       used 59084K, committed 59648K, reserved 1114112K
  class space    used 8129K, committed 8384K, reserved 1048576K
}
Event: 9.787 GC heap after
{Heap after GC invocations=11 (full 0):
 garbage-first heap   total 61440K, used 26287K [0x000000008ac00000, 0x0000000100000000)
  region size 1024K, 4 young (4096K), 4 survivors (4096K)
 Metaspace       used 59084K, committed 59648K, reserved 1114112K
  class space    used 8129K, committed 8384K, reserved 1048576K
}
Event: 9.868 GC heap before
{Heap before GC invocations=11 (full 0):
 garbage-first heap   total 61440K, used 27311K [0x000000008ac00000, 0x0000000100000000)
  region size 1024K, 6 young (6144K), 4 survivors (4096K)
 Metaspace       used 59543K, committed 60096K, reserved 1114112K
  class space    used 8211K, committed 8448K, reserved 1048576K
}
Event: 9.872 GC heap after
{Heap after GC invocations=12 (full 0):
 garbage-first heap   total 61440K, used 26363K [0x000000008ac00000, 0x0000000100000000)
  region size 1024K, 2 young (2048K), 2 survivors (2048K)
 Metaspace       used 59543K, committed 60096K, reserved 1114112K
  class space    used 8211K, committed 8448K, reserved 1048576K
}
Event: 10.749 GC heap before
{Heap before GC invocations=13 (full 0):
 garbage-first heap   total 61440K, used 54011K [0x000000008ac00000, 0x0000000100000000)
  region size 1024K, 29 young (29696K), 2 survivors (2048K)
 Metaspace       used 64870K, committed 65536K, reserved 1114112K
  class space    used 9054K, committed 9344K, reserved 1048576K
}
Event: 10.752 GC heap after
{Heap after GC invocations=14 (full 0):
 garbage-first heap   total 61440K, used 27893K [0x000000008ac00000, 0x0000000100000000)
  region size 1024K, 4 young (4096K), 4 survivors (4096K)
 Metaspace       used 64870K, committed 65536K, reserved 1114112K
  class space    used 9054K, committed 9344K, reserved 1048576K
}
Event: 11.453 GC heap before
{Heap before GC invocations=14 (full 0):
 garbage-first heap   total 61440K, used 53493K [0x000000008ac00000, 0x0000000100000000)
  region size 1024K, 30 young (30720K), 4 survivors (4096K)
 Metaspace       used 69628K, committed 70208K, reserved 1114112K
  class space    used 9849K, committed 10112K, reserved 1048576K
}
Event: 11.461 GC heap after
{Heap after GC invocations=15 (full 0):
 garbage-first heap   total 62464K, used 29626K [0x000000008ac00000, 0x0000000100000000)
  region size 1024K, 4 young (4096K), 4 survivors (4096K)
 Metaspace       used 69628K, committed 70208K, reserved 1114112K
  class space    used 9849K, committed 10112K, reserved 1048576K
}
Event: 11.968 GC heap before
{Heap before GC invocations=15 (full 0):
 garbage-first heap   total 62464K, used 55226K [0x000000008ac00000, 0x0000000100000000)
  region size 1024K, 29 young (29696K), 4 survivors (4096K)
 Metaspace       used 73426K, committed 74048K, reserved 1114112K
  class space    used 10579K, committed 10816K, reserved 1048576K
}
Event: 11.974 GC heap after
{Heap after GC invocations=16 (full 0):
 garbage-first heap   total 75776K, used 31650K [0x000000008ac00000, 0x0000000100000000)
  region size 1024K, 4 young (4096K), 4 survivors (4096K)
 Metaspace       used 73426K, committed 74048K, reserved 1114112K
  class space    used 10579K, committed 10816K, reserved 1048576K
}
Event: 13.099 GC heap before
{Heap before GC invocations=16 (full 0):
 garbage-first heap   total 75776K, used 67490K [0x000000008ac00000, 0x0000000100000000)
  region size 1024K, 40 young (40960K), 4 survivors (4096K)
 Metaspace       used 80277K, committed 80960K, reserved 1179648K
  class space    used 11446K, committed 11712K, reserved 1048576K
}
Event: 13.105 GC heap after
{Heap after GC invocations=17 (full 0):
 garbage-first heap   total 75776K, used 33924K [0x000000008ac00000, 0x0000000100000000)
  region size 1024K, 5 young (5120K), 5 survivors (5120K)
 Metaspace       used 80277K, committed 80960K, reserved 1179648K
  class space    used 11446K, committed 11712K, reserved 1048576K
}
Event: 76.887 GC heap before
{Heap before GC invocations=18 (full 0):
 garbage-first heap   total 75776K, used 67716K [0x000000008ac00000, 0x0000000100000000)
  region size 1024K, 38 young (38912K), 5 survivors (5120K)
 Metaspace       used 83264K, committed 83968K, reserved 1179648K
  class space    used 11853K, committed 12160K, reserved 1048576K
}
Event: 76.897 GC heap after
{Heap after GC invocations=19 (full 0):
 garbage-first heap   total 75776K, used 36173K [0x000000008ac00000, 0x0000000100000000)
  region size 1024K, 5 young (5120K), 5 survivors (5120K)
 Metaspace       used 83264K, committed 83968K, reserved 1179648K
  class space    used 11853K, committed 12160K, reserved 1048576K
}

Dll operation events (10 events):
Event: 0.012 Loaded shared library C:\Users\jomai\Downloads\eclipse-jee-2025-12-R-win32-x86_64\eclipse\plugins\org.eclipse.justj.openjdk.hotspot.jre.full.win32.x86_64_21.0.9.v20251105-0741\jre\bin\java.dll
Event: 0.053 Loaded shared library C:\Users\jomai\Downloads\eclipse-jee-2025-12-R-win32-x86_64\eclipse\plugins\org.eclipse.justj.openjdk.hotspot.jre.full.win32.x86_64_21.0.9.v20251105-0741\jre\bin\zip.dll
Event: 0.170 Loaded shared library C:\Users\jomai\Downloads\eclipse-jee-2025-12-R-win32-x86_64\eclipse\plugins\org.eclipse.justj.openjdk.hotspot.jre.full.win32.x86_64_21.0.9.v20251105-0741\jre\bin\net.dll
Event: 0.173 Loaded shared library C:\Users\jomai\Downloads\eclipse-jee-2025-12-R-win32-x86_64\eclipse\plugins\org.eclipse.justj.openjdk.hotspot.jre.full.win32.x86_64_21.0.9.v20251105-0741\jre\bin\nio.dll
Event: 0.177 Loaded shared library C:\Users\jomai\Downloads\eclipse-jee-2025-12-R-win32-x86_64\eclipse\plugins\org.eclipse.justj.openjdk.hotspot.jre.full.win32.x86_64_21.0.9.v20251105-0741\jre\bin\zip.dll
Event: 0.319 Loaded shared library C:\Users\jomai\Downloads\eclipse-jee-2025-12-R-win32-x86_64\eclipse\plugins\org.eclipse.justj.openjdk.hotspot.jre.full.win32.x86_64_21.0.9.v20251105-0741\jre\bin\jimage.dll
Event: 1.056 Loaded shared library C:\Users\jomai\Downloads\eclipse-jee-2025-12-R-win32-x86_64\eclipse\plugins\org.eclipse.justj.openjdk.hotspot.jre.full.win32.x86_64_21.0.9.v20251105-0741\jre\bin\management.dll
Event: 1.063 Loaded shared library C:\Users\jomai\Downloads\eclipse-jee-2025-12-R-win32-x86_64\eclipse\plugins\org.eclipse.justj.openjdk.hotspot.jre.full.win32.x86_64_21.0.9.v20251105-0741\jre\bin\management_ext.dll
Event: 2.613 Loaded shared library C:\Users\jomai\Downloads\eclipse-jee-2025-12-R-win32-x86_64\eclipse\plugins\org.eclipse.justj.openjdk.hotspot.jre.full.win32.x86_64_21.0.9.v20251105-0741\jre\bin\sunmscapi.dll
Event: 8.161 Loaded shared library C:\Users\jomai\Downloads\eclipse-jee-2025-12-R-win32-x86_64\eclipse\plugins\org.eclipse.justj.openjdk.hotspot.jre.full.win32.x86_64_21.0.9.v20251105-0741\jre\bin\extnet.dll

Deoptimization events (20 events):
Event: 139.255 Thread 0x00000222d89d7640 Uncommon trap: trap_request=0xffffff45 fr.pc=0x0000022287bce1c4 relative=0x0000000000000844
Event: 139.255 Thread 0x00000222d89d7640 Uncommon trap: reason=unstable_if action=reinterpret pc=0x0000022287bce1c4 method=java.util.HashMap.putVal(ILjava/lang/Object;Ljava/lang/Object;ZZ)Ljava/lang/Object; @ 162 c2
Event: 139.255 Thread 0x00000222d89d7640 DEOPT PACKING pc=0x0000022287bce1c4 sp=0x00000084474fc1d0
Event: 139.255 Thread 0x00000222d89d7640 DEOPT UNPACKING pc=0x0000022287584422 sp=0x00000084474fc088 mode 2
Event: 139.255 Thread 0x00000222d89d7640 Uncommon trap: trap_request=0xffffff45 fr.pc=0x0000022287bf686c relative=0x0000000000000a4c
Event: 139.255 Thread 0x00000222d89d7640 Uncommon trap: reason=unstable_if action=reinterpret pc=0x0000022287bf686c method=java.util.HashMap.resize()[Ljava/util/HashMap$Node; @ 203 c2
Event: 139.255 Thread 0x00000222d89d7640 DEOPT PACKING pc=0x0000022287bf686c sp=0x00000084474fc0c0
Event: 139.256 Thread 0x00000222d89d7640 DEOPT UNPACKING pc=0x0000022287584422 sp=0x00000084474fc060 mode 2
Event: 139.256 Thread 0x00000222d89d7640 Uncommon trap: trap_request=0xffffff45 fr.pc=0x0000022287dbb2f8 relative=0x0000000000000238
Event: 139.256 Thread 0x00000222d89d7640 Uncommon trap: reason=unstable_if action=reinterpret pc=0x0000022287dbb2f8 method=java.util.HashMap.putVal(ILjava/lang/Object;Ljava/lang/Object;ZZ)Ljava/lang/Object; @ 162 c2
Event: 139.256 Thread 0x00000222d89d7640 DEOPT PACKING pc=0x0000022287dbb2f8 sp=0x00000084474fc160
Event: 139.256 Thread 0x00000222d89d7640 DEOPT UNPACKING pc=0x0000022287584422 sp=0x00000084474fc088 mode 2
Event: 139.256 Thread 0x00000222d89d7640 Uncommon trap: trap_request=0xffffff45 fr.pc=0x0000022287c6dcd4 relative=0x00000000000007b4
Event: 139.256 Thread 0x00000222d89d7640 Uncommon trap: reason=unstable_if action=reinterpret pc=0x0000022287c6dcd4 method=java.util.HashMap.putVal(ILjava/lang/Object;Ljava/lang/Object;ZZ)Ljava/lang/Object; @ 94 c2
Event: 139.256 Thread 0x00000222d89d7640 DEOPT PACKING pc=0x0000022287c6dcd4 sp=0x00000084474fc0d0
Event: 139.256 Thread 0x00000222d89d7640 DEOPT UNPACKING pc=0x0000022287584422 sp=0x00000084474fc088 mode 2
Event: 139.355 Thread 0x00000222d89d7640 Uncommon trap: trap_request=0xffffff45 fr.pc=0x0000022287dd36bc relative=0x0000000000000fdc
Event: 139.355 Thread 0x00000222d89d7640 Uncommon trap: reason=unstable_if action=reinterpret pc=0x0000022287dd36bc method=jdk.internal.org.objectweb.asm.Frame.merge(Ljdk/internal/org/objectweb/asm/SymbolTable;Ljdk/internal/org/objectweb/asm/Frame;I)Z @ 59 c2
Event: 139.355 Thread 0x00000222d89d7640 DEOPT PACKING pc=0x0000022287dd36bc sp=0x00000084474fbf40
Event: 139.355 Thread 0x00000222d89d7640 DEOPT UNPACKING pc=0x0000022287584422 sp=0x00000084474fbee0 mode 2

Classes loaded (20 events):
Event: 138.900 Loading class java/io/ObjectStreamClass$FieldReflectorKey
Event: 138.900 Loading class java/io/ObjectStreamClass$FieldReflectorKey done
Event: 138.900 Loading class java/io/ObjectStreamClass$FieldReflector
Event: 138.901 Loading class java/io/ObjectStreamClass$FieldReflector done
Event: 138.901 Loading class java/io/ObjectStreamClass$ClassDataSlot
Event: 138.901 Loading class java/io/ObjectStreamClass$ClassDataSlot done
Event: 139.146 Loading class java/io/ObjectStreamClass$1
Event: 139.146 Loading class java/io/ObjectStreamClass$1 done
Event: 139.147 Loading class java/io/ObjectStreamClass$MemberSignature
Event: 139.147 Loading class java/io/ObjectStreamClass$MemberSignature done
Event: 139.147 Loading class java/io/ObjectStreamClass$3
Event: 139.147 Loading class java/io/ObjectStreamClass$3 done
Event: 139.147 Loading class java/io/ObjectStreamClass$4
Event: 139.147 Loading class java/io/ObjectStreamClass$4 done
Event: 139.147 Loading class java/io/ObjectStreamClass$5
Event: 139.147 Loading class java/io/ObjectStreamClass$5 done
Event: 139.152 Loading class java/io/SerialCallbackContext
Event: 139.152 Loading class java/io/SerialCallbackContext done
Event: 139.238 Loading class java/util/function/LongSupplier
Event: 139.238 Loading class java/util/function/LongSupplier done

Classes unloaded (0 events):
No events

Classes redefined (0 events):
No events

Internal exceptions (20 events):
Event: 12.818 Thread 0x00000222d4130a20 Exception <a 'java/lang/NoSuchMethodError'{0x000000008dade748}: 'java.lang.Object java.lang.invoke.DirectMethodHandle$Holder.newInvokeSpecial(java.lang.Object, java.lang.Object, java.lang.Object, java.lang.Object, java.lang.Object, java.lang.Object, java.lang.Object, java.lang.Object, java.lang.Object, java.lang.Object, java.lang.Object)'> (0x000000008dade748) 
thrown [s\src\hotspot\share\interpreter\linkResolver.cpp, line 773]
Event: 12.957 Thread 0x00000222d4130a20 Exception <a 'java/lang/NoSuchMethodError'{0x000000008d3bfe50}: 'java.lang.Object java.lang.invoke.DirectMethodHandle$Holder.invokeVirtual(java.lang.Object, java.lang.Object, java.lang.Object, int)'> (0x000000008d3bfe50) 
thrown [s\src\hotspot\share\interpreter\linkResolver.cpp, line 773]
Event: 13.004 Thread 0x00000222d4130a20 Exception <a 'java/lang/NoSuchMethodError'{0x000000008d08c438}: 'java.lang.Object java.lang.invoke.DirectMethodHandle$Holder.invokeVirtual(java.lang.Object, java.lang.Object, int)'> (0x000000008d08c438) 
thrown [s\src\hotspot\share\interpreter\linkResolver.cpp, line 773]
Event: 13.149 Thread 0x00000222d4130a20 Exception <a 'java/lang/IncompatibleClassChangeError'{0x000000008f7340d8}: Found class java.lang.Object, but interface was expected> (0x000000008f7340d8) 
thrown [s\src\hotspot\share\interpreter\linkResolver.cpp, line 840]
Event: 13.373 Thread 0x00000222d4130a20 Exception <a 'java/lang/IncompatibleClassChangeError'{0x000000008e8a2518}: Found class java.lang.Object, but interface was expected> (0x000000008e8a2518) 
thrown [s\src\hotspot\share\interpreter\linkResolver.cpp, line 840]
Event: 13.384 Thread 0x00000222d4130a20 Implicit null exception at 0x0000022287c50b42 to 0x0000022287c50bb8
Event: 13.736 Thread 0x00000222d4130a20 Exception <a 'java/lang/NoSuchMethodError'{0x000000008d79d0f0}: 'java.lang.Object java.lang.invoke.DirectMethodHandle$Holder.newInvokeSpecial(java.lang.Object, java.lang.Object, int, java.lang.Object, java.lang.Object)'> (0x000000008d79d0f0) 
thrown [s\src\hotspot\share\interpreter\linkResolver.cpp, line 773]
Event: 138.534 Thread 0x00000222d89dd220 Exception <a 'java/lang/NoSuchMethodError'{0x000000008f764138}: 'java.lang.Object java.lang.invoke.DirectMethodHandle$Holder.invokeStatic(java.lang.Object, java.lang.Object, java.lang.Object, int, int)'> (0x000000008f764138) 
thrown [s\src\hotspot\share\interpreter\linkResolver.cpp, line 773]
Event: 138.534 Thread 0x00000222d89dd220 Exception <a 'java/lang/NoSuchMethodError'{0x000000008f7678a0}: 'java.lang.Object java.lang.invoke.DirectMethodHandle$Holder.invokeStaticInit(java.lang.Object, java.lang.Object, java.lang.Object, int, int)'> (0x000000008f7678a0) 
thrown [s\src\hotspot\share\interpreter\linkResolver.cpp, line 773]
Event: 138.585 Thread 0x00000222d89d7640 Exception <a 'java/lang/NoSuchMethodError'{0x000000008f6a8010}: 'java.lang.Object java.lang.invoke.DirectMethodHandle$Holder.invokeSpecial(java.lang.Object, java.lang.Object, java.lang.Object, java.lang.Object, java.lang.Object, long)'> (0x000000008f6a8010) 
thrown [s\src\hotspot\share\interpreter\linkResolver.cpp, line 773]
Event: 138.585 Thread 0x00000222d89d7640 Exception <a 'java/lang/NoSuchMethodError'{0x000000008f6ab798}: 'java.lang.Object java.lang.invoke.Invokers$Holder.linkToTargetMethod(java.lang.Object, java.lang.Object, java.lang.Object, long, java.lang.Object)'> (0x000000008f6ab798) 
thrown [s\src\hotspot\share\interpreter\linkResolver.cpp, line 773]
Event: 138.884 Thread 0x00000222d89d7640 Exception <a 'java/lang/NoSuchMethodError'{0x000000008e713258}: 'java.lang.Object java.lang.invoke.DirectMethodHandle$Holder.invokeVirtual(java.lang.Object, java.lang.Object, int, java.lang.Object)'> (0x000000008e713258) 
thrown [s\src\hotspot\share\interpreter\linkResolver.cpp, line 773]
Event: 138.899 Thread 0x00000222d89d7640 Exception <a 'java/lang/NoSuchMethodError'{0x000000008e73b7d0}: 'long java.lang.invoke.Invokers$Holder.invokeExact_MT(java.lang.Object, java.lang.Object)'> (0x000000008e73b7d0) 
thrown [s\src\hotspot\share\interpreter\linkResolver.cpp, line 773]
Event: 138.935 Thread 0x00000222d89d7640 Exception <a 'java/lang/NoSuchMethodError'{0x000000008e7f0478}: 'java.lang.Object java.lang.invoke.DirectMethodHandle$Holder.invokeInterface(java.lang.Object, java.lang.Object, java.lang.Object, java.lang.Object)'> (0x000000008e7f0478) 
thrown [s\src\hotspot\share\interpreter\linkResolver.cpp, line 773]
Event: 138.937 Thread 0x00000222d89d7640 Exception <a 'java/lang/NoSuchMethodError'{0x000000008e7fb3b0}: 'java.lang.Object java.lang.invoke.DirectMethodHandle$Holder.invokeInterface(java.lang.Object, java.lang.Object, java.lang.Object, java.lang.Object, java.lang.Object)'> (0x000000008e7fb3b0) 
thrown [s\src\hotspot\share\interpreter\linkResolver.cpp, line 773]
Event: 138.948 Thread 0x00000222d89d7640 Exception <a 'java/lang/NoSuchMethodError'{0x000000008e663558}: 'void java.lang.invoke.DirectMethodHandle$Holder.invokeSpecialIFC(java.lang.Object, java.lang.Object, int, java.lang.Object, java.lang.Object, java.lang.Object, java.lang.Object)'> (0x000000008e663558) 
thrown [s\src\hotspot\share\interpreter\linkResolver.cpp, line 773]
Event: 139.026 Thread 0x00000222d89d7640 Exception <a 'java/lang/NoSuchMethodError'{0x000000008e4109a8}: 'void java.lang.invoke.Invokers$Holder.invokeExact_MT(java.lang.Object, java.lang.Object, int, java.lang.Object)'> (0x000000008e4109a8) 
thrown [s\src\hotspot\share\interpreter\linkResolver.cpp, line 773]
Event: 139.082 Thread 0x00000222d89d7640 Exception <a 'java/lang/IncompatibleClassChangeError'{0x000000008e37da50}: Found class java.lang.Object, but interface was expected> (0x000000008e37da50) 
thrown [s\src\hotspot\share\interpreter\linkResolver.cpp, line 840]
Event: 139.083 Thread 0x00000222d89d7640 Exception <a 'java/lang/IncompatibleClassChangeError'{0x000000008e3869b8}: Found class java.lang.Object, but interface was expected> (0x000000008e3869b8) 
thrown [s\src\hotspot\share\interpreter\linkResolver.cpp, line 840]
Event: 139.148 Thread 0x00000222d89d7640 Exception <a 'java/lang/NoSuchMethodError'{0x000000008e1bb148}: static Ljava/lang/Object;.<clinit>()V> (0x000000008e1bb148) 
thrown [s\src\hotspot\share\prims\jni.cpp, line 1111]

ZGC Phase Switch (0 events):
No events

VM Operations (20 events):
Event: 76.887 Executing VM operation: G1CollectForAllocation (G1 Evacuation Pause)
Event: 76.897 Executing VM operation: G1CollectForAllocation (G1 Evacuation Pause) done
Event: 97.099 Executing VM operation: Cleanup
Event: 97.099 Executing VM operation: Cleanup done
Event: 106.172 Executing VM operation: Cleanup
Event: 106.172 Executing VM operation: Cleanup done
Event: 128.324 Executing VM operation: Cleanup
Event: 128.324 Executing VM operation: Cleanup done
Event: 134.351 Executing VM operation: Cleanup
Event: 134.351 Executing VM operation: Cleanup done
Event: 138.540 Executing VM operation: HandshakeAllThreads (Deoptimize)
Event: 138.540 Executing VM operation: HandshakeAllThreads (Deoptimize) done
Event: 138.619 Executing VM operation: HandshakeAllThreads (Deoptimize)
Event: 138.619 Executing VM operation: HandshakeAllThreads (Deoptimize) done
Event: 138.619 Executing VM operation: Cleanup
Event: 138.619 Executing VM operation: Cleanup done
Event: 138.813 Executing VM operation: HandshakeAllThreads (Deoptimize)
Event: 138.813 Executing VM operation: HandshakeAllThreads (Deoptimize) done
Event: 139.090 Executing VM operation: HandshakeAllThreads (Deoptimize)
Event: 139.090 Executing VM operation: HandshakeAllThreads (Deoptimize) done

Memory protections (0 events):
No events

Nmethod flushes (20 events):
Event: 13.130 Thread 0x00000222fb12d7b0 flushing  nmethod 0x0000022280205e10
Event: 13.130 Thread 0x00000222fb12d7b0 flushing  nmethod 0x0000022280209890
Event: 13.130 Thread 0x00000222fb12d7b0 flushing  nmethod 0x000002228020a110
Event: 13.130 Thread 0x00000222fb12d7b0 flushing  nmethod 0x000002228022b290
Event: 13.130 Thread 0x00000222fb12d7b0 flushing  nmethod 0x00000222802a6c90
Event: 13.130 Thread 0x00000222fb12d7b0 flushing  nmethod 0x00000222802d7210
Event: 13.130 Thread 0x00000222fb12d7b0 flushing  nmethod 0x0000022280313c90
Event: 13.130 Thread 0x00000222fb12d7b0 flushing  nmethod 0x0000022280314b10
Event: 13.130 Thread 0x00000222fb12d7b0 flushing  nmethod 0x0000022280452d10
Event: 13.130 Thread 0x00000222fb12d7b0 flushing  nmethod 0x0000022280010310
Event: 13.130 Thread 0x00000222fb12d7b0 flushing  nmethod 0x000002228003ac90
Event: 13.130 Thread 0x00000222fb12d7b0 flushing  nmethod 0x000002228003b810
Event: 13.130 Thread 0x00000222fb12d7b0 flushing  nmethod 0x000002228003c310
Event: 13.130 Thread 0x00000222fb12d7b0 flushing  nmethod 0x000002228018d590
Event: 13.130 Thread 0x00000222fb12d7b0 flushing  nmethod 0x0000022280191610
Event: 13.130 Thread 0x00000222fb12d7b0 flushing  nmethod 0x0000022280192990
Event: 13.130 Thread 0x00000222fb12d7b0 flushing  nmethod 0x00000222802b9410
Event: 13.130 Thread 0x00000222fb12d7b0 flushing  nmethod 0x00000222804ba810
Event: 13.130 Thread 0x00000222fb12d7b0 flushing  nmethod 0x0000022280660890
Event: 13.130 Thread 0x00000222fb12d7b0 flushing  nmethod 0x0000022280957590

Events (20 events):
Event: 13.752 Thread 0x00000222d4130a20 Thread added: 0x00000222d89dbe70
Event: 13.753 Thread 0x00000222d4130a20 Thread added: 0x00000222d89d89f0
Event: 13.753 Thread 0x00000222d4130a20 Thread added: 0x00000222d89dc500
Event: 13.753 Thread 0x00000222d4130a20 Thread added: 0x00000222d89dcb90
Event: 13.774 Thread 0x00000222d4130a20 Thread added: 0x00000222d89ddf40
Event: 13.776 Thread 0x00000222d4130a20 Thread added: 0x00000222d89dd220
Event: 13.801 Thread 0x00000222d4130a20 Thread exited: 0x00000222d4130a20
Event: 13.807 Thread 0x00000222d412fd00 Thread exited: 0x00000222d412fd00
Event: 13.807 Thread 0x00000222f214b730 Thread exited: 0x00000222f214b730
Event: 13.807 Thread 0x00000222d89dd8b0 Thread added: 0x00000222d89dd8b0
Event: 14.287 Thread 0x00000222d5e1ee60 Thread added: 0x00000222d5e1c580
Event: 14.339 Thread 0x00000222d89d6920 Thread exited: 0x00000222d89d6920
Event: 15.730 Thread 0x00000222d5e1c580 Thread exited: 0x00000222d5e1c580
Event: 15.731 Thread 0x00000222d5e1ee60 Thread exited: 0x00000222d5e1ee60
Event: 138.651 Thread 0x00000222fb175140 Thread added: 0x00000222d5e1c580
Event: 138.651 Thread 0x00000222fb175140 Thread added: 0x00000222d5e1d9f0
Event: 138.821 Thread 0x00000222d5e1d9f0 Thread exited: 0x00000222d5e1d9f0
Event: 138.853 Thread 0x00000222d5e1c580 Thread exited: 0x00000222d5e1c580
Event: 139.348 Thread 0x00000222fb175140 Thread added: 0x00000222d5e1cc50
Event: 139.357 Thread 0x00000222fb175140 Thread added: 0x00000222d5e1ee60


Dynamic libraries:
0x00007ff6a4ad0000 - 0x00007ff6a4ade000 	C:\Users\jomai\Downloads\eclipse-jee-2025-12-R-win32-x86_64\eclipse\plugins\org.eclipse.justj.openjdk.hotspot.jre.full.win32.x86_64_21.0.9.v20251105-0741\jre\bin\javaw.exe
0x00007ffb0d1a0000 - 0x00007ffb0d407000 	C:\WINDOWS\SYSTEM32\ntdll.dll
0x00007ffb0b780000 - 0x00007ffb0b849000 	C:\WINDOWS\System32\KERNEL32.DLL
0x00007ffb0a960000 - 0x00007ffb0ad4f000 	C:\WINDOWS\System32\KERNELBASE.dll
0x00007ffb0a810000 - 0x00007ffb0a95b000 	C:\WINDOWS\System32\ucrtbase.dll
0x00007ffb05360000 - 0x00007ffb0537e000 	C:\Users\jomai\Downloads\eclipse-jee-2025-12-R-win32-x86_64\eclipse\plugins\org.eclipse.justj.openjdk.hotspot.jre.full.win32.x86_64_21.0.9.v20251105-0741\jre\bin\VCRUNTIME140.dll
0x00007ffb05390000 - 0x00007ffb053a8000 	C:\Users\jomai\Downloads\eclipse-jee-2025-12-R-win32-x86_64\eclipse\plugins\org.eclipse.justj.openjdk.hotspot.jre.full.win32.x86_64_21.0.9.v20251105-0741\jre\bin\jli.dll
0x00007ffb0c350000 - 0x00007ffb0c515000 	C:\WINDOWS\System32\USER32.dll
0x00007ffaee700000 - 0x00007ffaee993000 	C:\WINDOWS\WinSxS\amd64_microsoft.windows.common-controls_6595b64144ccf1df_6.0.26100.7309_none_3e05feeae336a044\COMCTL32.dll
0x00007ffb0a670000 - 0x00007ffb0a697000 	C:\WINDOWS\System32\win32u.dll
0x00007ffb0ceb0000 - 0x00007ffb0cf59000 	C:\WINDOWS\System32\msvcrt.dll
0x00007ffb0c520000 - 0x00007ffb0c54b000 	C:\WINDOWS\System32\GDI32.dll
0x00007ffb0ad60000 - 0x00007ffb0ae8c000 	C:\WINDOWS\System32\gdi32full.dll
0x00007ffb0a2f0000 - 0x00007ffb0a393000 	C:\WINDOWS\System32\msvcp_win.dll
0x00007ffb0ce70000 - 0x00007ffb0cea1000 	C:\WINDOWS\System32\IMM32.DLL
0x00007ffb051d0000 - 0x00007ffb051dc000 	C:\Users\jomai\Downloads\eclipse-jee-2025-12-R-win32-x86_64\eclipse\plugins\org.eclipse.justj.openjdk.hotspot.jre.full.win32.x86_64_21.0.9.v20251105-0741\jre\bin\vcruntime140_1.dll
0x00007ffaf30b0000 - 0x00007ffaf313d000 	C:\Users\jomai\Downloads\eclipse-jee-2025-12-R-win32-x86_64\eclipse\plugins\org.eclipse.justj.openjdk.hotspot.jre.full.win32.x86_64_21.0.9.v20251105-0741\jre\bin\msvcp140.dll
0x00007ffa1a060000 - 0x00007ffa1ae00000 	C:\Users\jomai\Downloads\eclipse-jee-2025-12-R-win32-x86_64\eclipse\plugins\org.eclipse.justj.openjdk.hotspot.jre.full.win32.x86_64_21.0.9.v20251105-0741\jre\bin\server\jvm.dll
0x00007ffb0ca20000 - 0x00007ffb0cad4000 	C:\WINDOWS\System32\ADVAPI32.dll
0x00007ffb0bcc0000 - 0x00007ffb0bd66000 	C:\WINDOWS\System32\sechost.dll
0x00007ffb0c780000 - 0x00007ffb0c898000 	C:\WINDOWS\System32\RPCRT4.dll
0x00007ffb0b6f0000 - 0x00007ffb0b764000 	C:\WINDOWS\System32\WS2_32.dll
0x00007ffb09fa0000 - 0x00007ffb09ffe000 	C:\WINDOWS\SYSTEM32\POWRPROF.dll
0x00007ffb03250000 - 0x00007ffb03285000 	C:\WINDOWS\SYSTEM32\WINMM.dll
0x00007ffb03290000 - 0x00007ffb0329b000 	C:\WINDOWS\SYSTEM32\VERSION.dll
0x00007ffb09f80000 - 0x00007ffb09f94000 	C:\WINDOWS\SYSTEM32\UMPDC.dll
0x00007ffb090a0000 - 0x00007ffb090bb000 	C:\WINDOWS\SYSTEM32\kernel.appcore.dll
0x00007ffad68d0000 - 0x00007ffad68da000 	C:\Users\jomai\Downloads\eclipse-jee-2025-12-R-win32-x86_64\eclipse\plugins\org.eclipse.justj.openjdk.hotspot.jre.full.win32.x86_64_21.0.9.v20251105-0741\jre\bin\jimage.dll
0x00007ffafdce0000 - 0x00007ffafdf22000 	C:\WINDOWS\SYSTEM32\DBGHELP.DLL
0x00007ffb0b8d0000 - 0x00007ffb0bc56000 	C:\WINDOWS\System32\combase.dll
0x00007ffb0c5a0000 - 0x00007ffb0c676000 	C:\WINDOWS\System32\OLEAUT32.dll
0x00007ffaedd20000 - 0x00007ffaedd5c000 	C:\WINDOWS\SYSTEM32\dbgcore.DLL
0x00007ffb0ae90000 - 0x00007ffb0af35000 	C:\WINDOWS\System32\bcryptPrimitives.dll
0x00007ffa5b180000 - 0x00007ffa5b1a0000 	C:\Users\jomai\Downloads\eclipse-jee-2025-12-R-win32-x86_64\eclipse\plugins\org.eclipse.justj.openjdk.hotspot.jre.full.win32.x86_64_21.0.9.v20251105-0741\jre\bin\java.dll
0x00007ffb0af40000 - 0x00007ffb0b693000 	C:\WINDOWS\System32\SHELL32.dll
0x00007ffb0a6a0000 - 0x00007ffb0a80a000 	C:\WINDOWS\System32\wintypes.dll
0x00007ffb07ef0000 - 0x00007ffb0874e000 	C:\WINDOWS\SYSTEM32\windows.storage.dll
0x00007ffb0ccf0000 - 0x00007ffb0cde5000 	C:\WINDOWS\System32\SHCORE.dll
0x00007ffb0cae0000 - 0x00007ffb0cb46000 	C:\WINDOWS\System32\shlwapi.dll
0x00007ffb0a210000 - 0x00007ffb0a239000 	C:\WINDOWS\SYSTEM32\profapi.dll
0x00007ffa546a0000 - 0x00007ffa546b8000 	C:\Users\jomai\Downloads\eclipse-jee-2025-12-R-win32-x86_64\eclipse\plugins\org.eclipse.justj.openjdk.hotspot.jre.full.win32.x86_64_21.0.9.v20251105-0741\jre\bin\zip.dll
0x00007ffab0840000 - 0x00007ffab0850000 	C:\Users\jomai\Downloads\eclipse-jee-2025-12-R-win32-x86_64\eclipse\plugins\org.eclipse.justj.openjdk.hotspot.jre.full.win32.x86_64_21.0.9.v20251105-0741\jre\bin\net.dll
0x00007ffb00d90000 - 0x00007ffb00eb8000 	C:\WINDOWS\SYSTEM32\WINHTTP.dll
0x00007ffb09610000 - 0x00007ffb0967b000 	C:\WINDOWS\system32\mswsock.dll
0x00007ffa541a0000 - 0x00007ffa541b6000 	C:\Users\jomai\Downloads\eclipse-jee-2025-12-R-win32-x86_64\eclipse\plugins\org.eclipse.justj.openjdk.hotspot.jre.full.win32.x86_64_21.0.9.v20251105-0741\jre\bin\nio.dll
0x00007ffb051c0000 - 0x00007ffb051ca000 	C:\Users\jomai\Downloads\eclipse-jee-2025-12-R-win32-x86_64\eclipse\plugins\org.eclipse.justj.openjdk.hotspot.jre.full.win32.x86_64_21.0.9.v20251105-0741\jre\bin\management.dll
0x00007ffaffaa0000 - 0x00007ffaffaac000 	C:\Users\jomai\Downloads\eclipse-jee-2025-12-R-win32-x86_64\eclipse\plugins\org.eclipse.justj.openjdk.hotspot.jre.full.win32.x86_64_21.0.9.v20251105-0741\jre\bin\management_ext.dll
0x00007ffb0ca10000 - 0x00007ffb0ca18000 	C:\WINDOWS\System32\PSAPI.DLL
0x00007ffb051b0000 - 0x00007ffb051be000 	C:\Users\jomai\Downloads\eclipse-jee-2025-12-R-win32-x86_64\eclipse\plugins\org.eclipse.justj.openjdk.hotspot.jre.full.win32.x86_64_21.0.9.v20251105-0741\jre\bin\sunmscapi.dll
0x00007ffb0a4f0000 - 0x00007ffb0a667000 	C:\WINDOWS\System32\CRYPT32.dll
0x00007ffb09af0000 - 0x00007ffb09b20000 	C:\WINDOWS\SYSTEM32\ncrypt.dll
0x00007ffb09aa0000 - 0x00007ffb09adf000 	C:\WINDOWS\SYSTEM32\NTASN1.dll
0x00007ffb098e0000 - 0x00007ffb098fb000 	C:\WINDOWS\SYSTEM32\CRYPTSP.dll
0x00007ffb09000000 - 0x00007ffb0903a000 	C:\WINDOWS\system32\rsaenh.dll
0x00007ffb096c0000 - 0x00007ffb096eb000 	C:\WINDOWS\SYSTEM32\USERENV.dll
0x00007ffb0a1e0000 - 0x00007ffb0a20a000 	C:\WINDOWS\SYSTEM32\bcrypt.dll
0x00007ffb098d0000 - 0x00007ffb098dc000 	C:\WINDOWS\SYSTEM32\CRYPTBASE.dll
0x00007ffb08ae0000 - 0x00007ffb08b14000 	C:\WINDOWS\SYSTEM32\IPHLPAPI.DLL
0x00007ffb0c550000 - 0x00007ffb0c55a000 	C:\WINDOWS\System32\NSI.dll
0x00007ffb08b80000 - 0x00007ffb08cac000 	C:\WINDOWS\SYSTEM32\DNSAPI.dll
0x00007ffb00c90000 - 0x00007ffb00c9b000 	C:\Windows\System32\rasadhlp.dll
0x00007ffb04b20000 - 0x00007ffb04ba6000 	C:\WINDOWS\System32\fwpuclnt.dll
0x00007ffae6cd0000 - 0x00007ffae6cd9000 	C:\Users\jomai\Downloads\eclipse-jee-2025-12-R-win32-x86_64\eclipse\plugins\org.eclipse.justj.openjdk.hotspot.jre.full.win32.x86_64_21.0.9.v20251105-0741\jre\bin\extnet.dll
0x00007ffae6100000 - 0x00007ffae6118000 	C:\WINDOWS\system32\napinsp.dll
0x00007ffae60e0000 - 0x00007ffae60f2000 	C:\WINDOWS\System32\winrnr.dll
0x00007ffae60b0000 - 0x00007ffae60d2000 	C:\WINDOWS\system32\nlansp_c.dll
0x00007ffae6090000 - 0x00007ffae60a6000 	C:\WINDOWS\system32\wshbth.dll
0x00007ffb049c0000 - 0x00007ffb049de000 	C:\WINDOWS\SYSTEM32\dhcpcsvc6.DLL
0x00007ffb04910000 - 0x00007ffb04933000 	C:\WINDOWS\SYSTEM32\dhcpcsvc.DLL
0x00007ffae0720000 - 0x00007ffae0728000 	C:\WINDOWS\system32\wshunix.dll

JVMTI agents: none

dbghelp: loaded successfully - version: 4.0.5 - missing functions: none
symbol engine: initialized successfully - sym options: 0x614 - pdb path: .;C:\Users\jomai\Downloads\eclipse-jee-2025-12-R-win32-x86_64\eclipse\plugins\org.eclipse.justj.openjdk.hotspot.jre.full.win32.x86_64_21.0.9.v20251105-0741\jre\bin;C:\WINDOWS\SYSTEM32;C:\WINDOWS\WinSxS\amd64_microsoft.windows.common-controls_6595b64144ccf1df_6.0.26100.7309_none_3e05feeae336a044;C:\Users\jomai\Downloads\eclipse-jee-2025-12-R-win32-x86_64\eclipse\plugins\org.eclipse.justj.openjdk.hotspot.jre.full.win32.x86_64_21.0.9.v20251105-0741\jre\bin\server

VM Arguments:
jvm_args: -Dfile.encoding=UTF-8 -Dstdout.encoding=UTF-8 -Dstderr.encoding=UTF-8 -XX:+ShowCodeDetailsInExceptionMessages 
java_command: com.lpu.demo.DemoApplication
java_class_path (initial): C:\Users\jomai\git\Advanced-Java-SpringBoot-Daily-Tasks\demo\target\classes;C:\Users\jomai\.m2\repository\org\springframework\boot\spring-boot-starter-webmvc\4.0.3\spring-boot-starter-webmvc-4.0.3.jar;C:\Users\jomai\.m2\repository\org\springframework\boot\spring-boot-starter\4.0.3\spring-boot-starter-4.0.3.jar;C:\Users\jomai\.m2\repository\org\springframework\boot\spring-boot-starter-logging\4.0.3\spring-boot-starter-logging-4.0.3.jar;C:\Users\jomai\.m2\repository\ch\qos\logback\logback-classic\1.5.32\logback-classic-1.5.32.jar;C:\Users\jomai\.m2\repository\ch\qos\logback\logback-core\1.5.32\logback-core-1.5.32.jar;C:\Users\jomai\.m2\repository\org\apache\logging\log4j\log4j-to-slf4j\2.25.3\log4j-to-slf4j-2.25.3.jar;C:\Users\jomai\.m2\repository\org\apache\logging\log4j\log4j-api\2.25.3\log4j-api-2.25.3.jar;C:\Users\jomai\.m2\repository\org\slf4j\jul-to-slf4j\2.0.17\jul-to-slf4j-2.0.17.jar;C:\Users\jomai\.m2\repository\jakarta\annotation\jakarta.annotation-api\3.0.0\jakarta.annotation-api-3.0.0.jar;C:\Users\jomai\.m2\repository\org\yaml\snakeyaml\2.5\snakeyaml-2.5.jar;C:\Users\jomai\.m2\repository\org\springframework\boot\spring-boot-starter-jackson\4.0.3\spring-boot-starter-jackson-4.0.3.jar;C:\Users\jomai\.m2\repository\org\springframework\boot\spring-boot-jackson\4.0.3\spring-boot-jackson-4.0.3.jar;C:\Users\jomai\.m2\repository\tools\jackson\core\jackson-databind\3.0.4\jackson-databind-3.0.4.jar;C:\Users\jomai\.m2\repository\com\fasterxml\jackson\core\jackson-annotations\2.20\jackson-annotations-2.20.jar;C:\Users\jomai\.m2\repository\tools\jackson\core\jackson-core\3.0.4\jackson-core-3.0.4.jar;C:\Users\jomai\.m2\repository\org\springframework\boot\spring-boot-starter-tomcat\4.0.3\spring-boot-starter-tomcat-4.0.3.jar;C:\Users\jomai\.m2\repository\org\springframework\boot\spring-boot-starter-tomcat-runtime\4.0.3\spring-boot-starter-tomcat-runtime-4.0.3.jar;C:\Users\jomai\.m2\repository\org\apache\tomcat\embed\tomcat-embed-core\11.0.18\tomcat-embed-core-11.0.18.jar;C:\Users\jomai\.m2\repository\org\apache\tomcat\embed\tomcat-embed-el\11.0.18\tomcat-embed-el-11.0.18.jar;C:\Users\jomai\.m2\repository\org\apache\tomcat\embed\tomcat-embed-websocket\11.0.18\tomcat-embed-websocket-11.0.18.jar;C:\Users\jomai\.m2\repository\org\springframework\boot\spring-boot-tomcat\4.0.3\spring-boot-tomcat-4.0.3.jar;C:\Users\jomai\.m2\repository\org\springframework\boot\spring-boot-http-converter\4.0.3\spring-boot-http-converter-4.0.3.jar;C:\Users\jomai\.m2\repository\org\springframework\spring-web\7.0.5\spring-web-7.0.5.jar;C:\Users\jomai\.m2\repository\org\springframework\spring-beans\7.0.5\spring-beans-7.0.5.jar;C:\Users\jomai\.m2\repository\io\micrometer\micrometer-observation\1.16.3\micrometer-observation-1.16.3.jar;C:\Users\jomai\.m2\repository\io\micrometer\micrometer-commons\1.16.3\micrometer-commons-1.16.3.jar;C:\Users\jomai\.m2\repository\org\springframework\boot\spring-boot-webmvc\4.0.3\spring-boot-webmvc-4.0.3.jar;C:\Users\jomai\.m2\repository\org\springframework\boot\spring-boot-servlet\4.0.3\spring-boot-servlet-4.0.3.jar;C:\Users\jomai\.m2\repository\org\springframework\spring-webmvc\7.0.5\spring-webmvc-7.0.5.jar;C:\Users\jomai\.m2\repository\org\springframework\spring-aop\7.0.5\spring-aop-7.0.5.jar;C:\Users\jomai\.m2\repository\org\springframework\spring-expression\7.0.5\spring-expression-7.0.5.jar;C:\Users\jomai\.m2\repository\org\slf4j\slf4j-api\2.0.17\slf4j-api-2.0.17.jar;C:\Users\jomai\.m2\repository\jakarta\xml\bind\jakarta.xml.bind-api\4.0.4\jakarta.xml.bind-api-4.0.4.jar;C:\Users\jomai\.m2\repository\jakarta\activation\jakarta.activation-api\2.1.4\jakarta.activation-api-2.1.4.jar;C:\Users\jomai\.m2\repository\net\bytebuddy\byte-buddy\1.17.8\byte-buddy-1.17.8.jar;C:\Users\jomai\.m2\repository\org\springframework\spring-core\7.0.5\spring-core-7.0.5.jar;C:\Users\jomai\.m2\repository\commons-logging\commons-logging\1.3.5\commons-logging-1.3.5.jar;C:\Users\jomai\.m2\repository\org\jspecify\jspecify\1.0.0\jspecify-1.0.0.jar;C:\Users\jomai\.m2\repository\org\springframework\boot\spring-boot-web-server\4.0.3\spring-boot-web-server-4.0.3.jar;C:\Users\jomai\.m2\repository\org\springframework\boot\spring-boot-devtools\4.0.3\spring-boot-devtools-4.0.3.jar;C:\Users\jomai\.m2\repository\org\springframework\boot\spring-boot\4.0.3\spring-boot-4.0.3.jar;C:\Users\jomai\.m2\repository\org\springframework\spring-context\7.0.5\spring-context-7.0.5.jar;C:\Users\jomai\.m2\repository\org\springframework\boot\spring-boot-autoconfigure\4.0.3\spring-boot-autoconfigure-4.0.3.jar;C:\Users\jomai\.m2\repository\org\springframework\boot\spring-boot-starter-data-jpa\4.0.3\spring-boot-starter-data-jpa-4.0.3.jar;C:\Users\jomai\.m2\repository\org\springframework\boot\spring-boot-starter-jdbc\4.0.3\spring-boot-starter-jdbc-4.0.3.jar;C:\Users\jomai\.m2\repository\com\zaxxer\HikariCP\7.0.2\HikariCP-7.0.2.jar;C:\Users\jomai\.m2\repository\org\springframework\boot\spring-boot-data-jpa\4.0.3\spring-boot-data-jpa-4.0.3.jar;C:\Users\jomai\.m2\repository\org\springframework\boot\spring-boot-data-commons\4.0.3\spring-boot-data-commons-4.0.3.jar;C:\Users\jomai\.m2\repository\org\springframework\boot\spring-boot-persistence\4.0.3\spring-boot-persistence-4.0.3.jar;C:\Users\jomai\.m2\repository\org\springframework\data\spring-data-commons\4.0.3\spring-data-commons-4.0.3.jar;C:\Users\jomai\.m2\repository\org\springframework\boot\spring-boot-hibernate\4.0.3\spring-boot-hibernate-4.0.3.jar;C:\Users\jomai\.m2\repository\org\springframework\boot\spring-boot-jpa\4.0.3\spring-boot-jpa-4.0.3.jar;C:\Users\jomai\.m2\repository\jakarta\persistence\jakarta.persistence-api\3.2.0\jakarta.persistence-api-3.2.0.jar;C:\Users\jomai\.m2\repository\org\hibernate\orm\hibernate-core\7.2.4.Final\hibernate-core-7.2.4.Final.jar;C:\Users\jomai\.m2\repository\jakarta\transaction\jakarta.transaction-api\2.0.1\jakarta.transaction-api-2.0.1.jar;C:\Users\jomai\.m2\repository\org\jboss\logging\jboss-logging\3.6.2.Final\jboss-logging-3.6.2.Final.jar;C:\Users\jomai\.m2\repository\org\hibernate\models\hibernate-models\1.0.1\hibernate-models-1.0.1.jar;C:\Users\jomai\.m2\repository\com\fasterxml\classmate\1.7.3\classmate-1.7.3.jar;C:\Users\jomai\.m2\repository\org\glassfish\jaxb\jaxb-runtime\4.0.6\jaxb-runtime-4.0.6.jar;C:\Users\jomai\.m2\repository\org\glassfish\jaxb\jaxb-core\4.0.6\jaxb-core-4.0.6.jar;C:\Users\jomai\.m2\repository\org\eclipse\angus\angus-activation\2.0.3\angus-activation-2.0.3.jar;C:\Users\jomai\.m2\repository\org\glassfish\jaxb\txw2\4.0.6\txw2-4.0.6.jar;C:\Users\jomai\.m2\repository\com\sun\istack\istack-commons-runtime\4.1.2\istack-commons-runtime-4.1.2.jar;C:\Users\jomai\.m2\repository\jakarta\inject\jakarta.inject-api\2.0.1\jakarta.inject-api-2.0.1.jar;C:\Users\jomai\.m2\repository\org\springframework\spring-orm\7.0.5\spring-orm-7.0.5.jar;C:\Users\jomai\.m2\repository\org\springframework\data\spring-data-jpa\4.0.3\spring-data-jpa-4.0.3.jar;C:\Users\jomai\.m2\repository\org\springframework\spring-tx\7.0.5\spring-tx-7.0.5.jar;C:\Users\jomai\.m2\repository\org\antlr\antlr4-runtime\4.13.2\antlr4-runtime-4.13.2.jar;C:\Users\jomai\.m2\repository\org\springframework\spring-aspects\7.0.5\spring-aspects-7.0.5.jar;C:\Users\jomai\.m2\repository\org\aspectj\aspectjweaver\1.9.25.1\aspectjweaver-1.9.25.1.jar;C:\Users\jomai\.m2\repository\org\springframework\boot\spring-boot-jdbc\4.0.3\spring-boot-jdbc-4.0.3.jar;C:\Users\jomai\.m2\repository\org\springframework\boot\spring-boot-sql\4.0.3\spring-boot-sql-4.0.3.jar;C:\Users\jomai\.m2\repository\org\springframework\boot\spring-boot-transaction\4.0.3\spring-boot-transaction-4.0.3.jar;C:\Users\jomai\.m2\repository\org\springframework\spring-jdbc\7.0.5\spring-jdbc-7.0.5.jar;C:\Users\jomai\.m2\repository\org\postgresql\postgresql\42.7.10\postgresql-42.7.10.jar;C:\Users\jomai\.m2\repository\org\checkerframework\checker-qual\3.52.0\checker-qual-3.52.0.jar;C:\Users\jomai\.m2\repository\org\springframework\boot\spring-boot-starter-data-redis\4.0.3\spring-boot-starter-data-redis-4.0.3.jar;C:\Users\jomai\.m2\repository\org\springframework\boot\spring-boot-data-redis\4.0.3\spring-boot-data-redis-4.0.3.jar;C:\Users\jomai\.m2\repository\io\lettuce\lettuce-core\6.8.2.RELEASE\lettuce-core-6.8.2.RELEASE.jar;C:\Users\jomai\.m2\repository\redis\clients\authentication\redis-authx-core\0.1.1-beta2\redis-authx-core-0.1.1-beta2.jar;C:\Users\jomai\.m2\repository\io\netty\netty-common\4.2.10.Final\netty-common-4.2.10.Final.jar;C:\Users\jomai\.m2\repository\io\netty\netty-handler\4.2.10.Final\netty-handler-4.2.10.Final.jar;C:\Users\jomai\.m2\repository\io\netty\netty-resolver\4.2.10.Final\netty-resolver-4.2.10.Final.jar;C:\Users\jomai\.m2\repository\io\netty\netty-buffer\4.2.10.Final\netty-buffer-4.2.10.Final.jar;C:\Users\jomai\.m2\repository\io\netty\netty-transport-native-unix-common\4.2.10.Final\netty-transport-native-unix-common-4.2.10.Final.jar;C:\Users\jomai\.m2\repository\io\netty\netty-codec-base\4.2.10.Final\netty-codec-base-4.2.10.Final.jar;C:\Users\jomai\.m2\repository\io\netty\netty-transport\4.2.10.Final\netty-transport-4.2.10.Final.jar;C:\Users\jomai\.m2\repository\io\projectreactor\reactor-core\3.8.3\reactor-core-3.8.3.jar;C:\Users\jomai\.m2\repository\org\reactivestreams\reactive-streams\1.0.4\reactive-streams-1.0.4.jar;C:\Users\jomai\.m2\repository\io\netty\netty-resolver-dns\4.2.10.Final\netty-resolver-dns-4.2.10.Final.jar;C:\Users\jomai\.m2\repository\io\netty\netty-codec-dns\4.2.10.Final\netty-codec-dns-4.2.10.Final.jar;C:\Users\jomai\.m2\repository\org\springframework\data\spring-data-redis\4.0.3\spring-data-redis-4.0.3.jar;C:\Users\jomai\.m2\repository\org\springframework\data\spring-data-keyvalue\4.0.3\spring-data-keyvalue-4.0.3.jar;C:\Users\jomai\.m2\repository\org\springframework\spring-oxm\7.0.5\spring-oxm-7.0.5.jar;C:\Users\jomai\.m2\repository\org\springframework\spring-context-support\7.0.5\spring-context-support-7.0.5.jar;C:\Users\jomai\.m2\repository\org\springframework\boot\spring-boot-netty\4.0.3\spring-boot-netty-4.0.3.jar
Launcher Type: SUN_STANDARD

[Global flags]
     intx CICompilerCount                          = 4                                         {product} {ergonomic}
     uint ConcGCThreads                            = 3                                         {product} {ergonomic}
     uint G1ConcRefinementThreads                  = 10                                        {product} {ergonomic}
   size_t G1HeapRegionSize                         = 1048576                                   {product} {ergonomic}
    uintx GCDrainStackTargetSize                   = 64                                        {product} {ergonomic}
   size_t InitialHeapSize                          = 123731968                                 {product} {ergonomic}
   size_t MarkStackSize                            = 4194304                                   {product} {ergonomic}
   size_t MaxHeapSize                              = 1967128576                                {product} {ergonomic}
   size_t MaxNewSize                               = 1179648000                                {product} {ergonomic}
   size_t MinHeapDeltaBytes                        = 1048576                                   {product} {ergonomic}
   size_t MinHeapSize                              = 8388608                                   {product} {ergonomic}
    uintx NonNMethodCodeHeapSize                   = 5839372                                {pd product} {ergonomic}
    uintx NonProfiledCodeHeapSize                  = 122909434                              {pd product} {ergonomic}
    uintx ProfiledCodeHeapSize                     = 122909434                              {pd product} {ergonomic}
    uintx ReservedCodeCacheSize                    = 251658240                              {pd product} {ergonomic}
     bool SegmentedCodeCache                       = true                                      {product} {ergonomic}
     bool ShowCodeDetailsInExceptionMessages       = true                                   {manageable} {command line}
   size_t SoftMaxHeapSize                          = 1967128576                             {manageable} {ergonomic}
     bool UseCompressedOops                        = true                           {product lp64_product} {ergonomic}
     bool UseG1GC                                  = true                                      {product} {ergonomic}
     bool UseLargePagesIndividualAllocation        = false                                  {pd product} {ergonomic}

Logging:
Log output configuration:
 #0: stdout all=warning uptime,level,tags foldmultilines=false
 #1: stderr all=off uptime,level,tags foldmultilines=false

Release file:
JAVA_VERSION="21.0.9" 
MODULES="java.base java.compiler java.datatransfer java.xml java.prefs java.desktop java.instrument java.logging java.management java.security.sasl java.naming java.rmi java.management.rmi java.net.http java.scripting java.security.jgss java.transaction.xa java.sql java.sql.rowset java.xml.crypto java.se java.smartcardio jdk.accessibility jdk.internal.jvmstat jdk.attach jdk.charsets jdk.internal.opt jdk.zipfs jdk.compiler jdk.crypto.ec jdk.crypto.cryptoki jdk.crypto.mscapi jdk.dynalink jdk.internal.ed jdk.editpad jdk.hotspot.agent jdk.httpserver jdk.internal.le jdk.internal.vm.ci jdk.internal.vm.compiler jdk.internal.vm.compiler.management jdk.jartool jdk.javadoc jdk.jcmd jdk.management jdk.management.agent jdk.jconsole jdk.jdeps jdk.jdwp.agent jdk.jdi jdk.jfr jdk.jshell jdk.jsobject jdk.jstatd jdk.localedata jdk.management.jfr jdk.naming.dns jdk.naming.rmi jdk.net jdk.nio.mapmode jdk.random jdk.sctp jdk.security.auth jdk.security.jgss jdk.unsupported jdk.unsupported.desktop jdk.xml.dom" 

Environment Variables:
JAVA_HOME=C:\Program Files\Java\jdk-21
PATH=C:/Users/jomai/Downloads/eclipse-jee-2025-12-R-win32-x86_64/eclipse//plugins/org.eclipse.justj.openjdk.hotspot.jre.full.win32.x86_64_21.0.9.v20251105-0741/jre/bin/server;C:/Users/jomai/Downloads/eclipse-jee-2025-12-R-win32-x86_64/eclipse//plugins/org.eclipse.justj.openjdk.hotspot.jre.full.win32.x86_64_21.0.9.v20251105-0741/jre/bin;C:\oracle\product\10.2.0\db_1\bin;C:\Program Files\Common Files\Oracle\Java\javapath;C:\windows\system32;C:\windows;C:\windows\System32\Wbem;C:\windows\System32\WindowsPowerShell\v1.0\;C:\windows\System32\OpenSSH\;C:\Program Files\dotnet\;C:\Program Files\Java\jdk-21\bin;C:\Program Files\Git\cmd;C:\Program Files\HP\HP One Agent;C:\Users\jomai\AppData\Local\Programs\Python\Python312;C:\Users\jomai\AppData\Local\Programs\Python\Python312\Scripts;C:\Users\jomai\AppData\Roaming\Python\Python38\Scripts;C:\MinGW\bin;;C:\Program Files\DAX Studio;C:\Program Files\nodejs\;C:\WINDOWS\system32;C:\WINDOWS;C:\WINDOWS\System32\Wbem;C:\WINDOWS\System32\WindowsPowerShell\v1.0\;C:\WINDOWS\System32\OpenSSH\;C:\Program Files\Redis\;C:\Users\jomai\Downloads\winlibs-x86_64-posix-seh-gcc-15.2.0-mingw-w64msvcrt-13.0.0-r1\mingw64\bin;C:\Users\jomai\AppData\Local\Programs\Python\Python310\Scripts\;C:\Users\jomai\AppData\Local\Programs\Python\Python310\;C:\Users\jomai\AppData\Local\Programs\Python\Launcher\;C:\Users\jomai\AppData\Local\Programs\Python\Python314\Scripts\;C:\Users\jomai\AppData\Local\Programs\Python\Python314\;C:\Program Files\MySQL\MySQL Shell 8.0\bin\;C:\Program Files\Common Files\Oracle\Java\javapath;C:\windows\system32;C:\windows;C:\windows\System32\Wbem;C:\windows\System32\WindowsPowerShell\v1.0\;C:\windows\System32\OpenSSH\;C:\Program Files\dotnet\;C:\Program Files\Java\jdk-21\bin;C:\Program Files\Git\cmd;C:\Program Files\HP\HP One Agent;C:\Users\jomai\AppData\Local\Microsoft\WindowsApps;C:\Program Files\JetBrains\IntelliJ IDEA Community Edition 2023.3.2\bin;C:\Python34\Scripts;C:\Users\jomai\AppData\Local\Programs\Python\Python312;C:\Users\jomai\AppData\Local\Programs\Python\Python312\Scripts;C:\Users\jomai\AppData\Roaming\Python\Python38\Scripts;C:\Users\jomai\AppData\Roaming\npm;C:\Users\jomai\AppData\Local\Programs\Microsoft VS Code\bin;C:\Users\jomai\AppData\Local\Microsoft\WindowsApps;;C:\Users\jomai\Downloads\eclipse-jee-2025-12-R-win32-x86_64\eclipse;
USERNAME=jomai
OS=Windows_NT
PROCESSOR_IDENTIFIER=AMD64 Family 23 Model 104 Stepping 1, AuthenticAMD
TMP=C:\Users\jomai\AppData\Local\Temp
TEMP=C:\Users\jomai\AppData\Local\Temp




Periodic native trim disabled

---------------  S Y S T E M  ---------------

OS:
 Windows 11 , 64 bit Build 26100 (10.0.26100.7623)
OS uptime: 0 days 0:46 hours
Hyper-V role detected

CPU: total 12 (initial active 12) (12 cores per cpu, 2 threads per core) family 23 model 104 stepping 1 microcode 0x8608107, cx8, cmov, fxsr, ht, mmx, 3dnowpref, sse, sse2, sse3, ssse3, sse4a, sse4.1, sse4.2, popcnt, lzcnt, tsc, tscinvbit, avx, avx2, aes, clmul, bmi1, bmi2, adx, sha, fma, vzeroupper, clflush, clflushopt, hv, rdtscp, rdpid, f16c
Processor Information for processor 0
  Max Mhz: 2100, Current Mhz: 2100, Mhz Limit: 2100
Processor Information for processor 1
  Max Mhz: 2100, Current Mhz: 1813, Mhz Limit: 2100
Processor Information for processor 2
  Max Mhz: 2100, Current Mhz: 1813, Mhz Limit: 2100
Processor Information for processor 3
  Max Mhz: 2100, Current Mhz: 1813, Mhz Limit: 2100
Processor Information for processor 4
  Max Mhz: 2100, Current Mhz: 2100, Mhz Limit: 2100
Processor Information for processor 5
  Max Mhz: 2100, Current Mhz: 2100, Mhz Limit: 2100
Processor Information for processor 6
  Max Mhz: 2100, Current Mhz: 1813, Mhz Limit: 2100
Processor Information for processor 7
  Max Mhz: 2100, Current Mhz: 2100, Mhz Limit: 2100
Processor Information for processor 8
  Max Mhz: 2100, Current Mhz: 1813, Mhz Limit: 2100
Processor Information for processor 9
  Max Mhz: 2100, Current Mhz: 1813, Mhz Limit: 2100
Processor Information for processor 10
  Max Mhz: 2100, Current Mhz: 1813, Mhz Limit: 2100
Processor Information for processor 11
  Max Mhz: 2100, Current Mhz: 1813, Mhz Limit: 2100

Memory: 4k page, system-wide physical 7501M (696M free)
TotalPageFile size 14610M (AvailPageFile size 4M)
current process WorkingSet (physical memory assigned to process): 297M, peak: 315M
current process commit charge ("private bytes"): 332M, peak: 351M

vm_info: OpenJDK 64-Bit Server VM (21.0.9+10-LTS) for windows-amd64 JRE (21.0.9+10-LTS), built on 2025-10-21T00:00:00Z by "admin" with unknown MS VC++:1942

END.
